[2025-07-11T21:39:35.251Z] [INFO] ğŸš€ Starting QMOI Auto-Setup...
[2025-07-11T21:39:35.291Z] [INFO] Checking project structure...
[2025-07-11T21:39:35.292Z] [INFO] âœ… Project structure looks good
[2025-07-11T21:39:35.293Z] [INFO] ğŸ“¦ Installing all dependencies...
[2025-07-11T21:39:35.293Z] [INFO] Running: npm cache clean --force
[2025-07-11T21:40:56.221Z] [INFO] âœ… Success: npm cache clean --force
[2025-07-11T21:40:56.222Z] [INFO] Attempt 1/3: npm install --yes --legacy-peer-deps
[2025-07-11T21:40:56.222Z] [INFO] Running: npm install --yes --legacy-peer-deps
[2025-07-11T21:45:56.228Z] [ERROR] âŒ Failed: npm install --yes --legacy-peer-deps - spawnSync C:\WINDOWS\system32\cmd.exe ETIMEDOUT
[2025-07-11T21:45:56.229Z] [INFO] Retrying in 5 seconds...
[2025-07-11T21:45:56.656Z] [ERROR] Fatal error: Command failed: sleep 5
[2025-07-11T22:44:29.881Z] [INFO] ğŸš€ Starting QMOI Auto-Setup...
[2025-07-11T22:44:30.095Z] [INFO] Checking project structure...
[2025-07-11T22:44:30.097Z] [INFO] âœ… Project structure looks good
[2025-07-11T22:44:30.098Z] [INFO] ğŸ“¦ Installing all dependencies...
[2025-07-11T22:44:30.098Z] [INFO] Running: npm cache clean --force
[2025-07-11T22:46:59.860Z] [INFO] ğŸš€ Starting QMOI Auto-Setup...
[2025-07-11T22:46:59.863Z] [INFO] Checking project structure...
[2025-07-11T22:46:59.864Z] [INFO] âœ… Project structure looks good
[2025-07-11T22:46:59.865Z] [INFO] ğŸ“¦ Installing all dependencies...
[2025-07-11T22:46:59.866Z] [INFO] Running: npm cache clean --force
[2025-07-11T22:47:42.161Z] [INFO] âœ… Success: npm cache clean --force
[2025-07-11T22:47:42.162Z] [INFO] Attempt 1/3: npm install --yes --legacy-peer-deps
[2025-07-11T22:47:42.163Z] [INFO] Running: npm install --yes --legacy-peer-deps
[2025-07-11T22:52:42.173Z] [ERROR] âŒ Failed: npm install --yes --legacy-peer-deps - spawnSync C:\WINDOWS\system32\cmd.exe ETIMEDOUT
[2025-07-11T22:52:42.174Z] [INFO] Retrying in 5 seconds...
[2025-07-11T22:52:44.379Z] [ERROR] Fatal error: Command failed: sleep 5
[2025-07-11T23:06:08.962Z] [INFO] ğŸš€ Starting QMOI Auto-Setup...
[2025-07-11T23:06:09.039Z] [INFO] Checking project structure...
[2025-07-11T23:06:09.040Z] [INFO] âœ… Project structure looks good
[2025-07-11T23:06:09.041Z] [INFO] ğŸ“¦ Installing all dependencies...
[2025-07-11T23:06:09.041Z] [INFO] Running: npm cache clean --force
[2025-07-11T23:06:10.962Z] [INFO] âœ… Success: npm cache clean --force
[2025-07-11T23:06:10.963Z] [INFO] Attempt 1/3: npm install --yes --legacy-peer-deps
[2025-07-11T23:06:10.964Z] [INFO] Running: npm install --yes --legacy-peer-deps
[2025-07-12T18:19:48.575Z] [INFO] ğŸš€ Starting QMOI Auto-Setup...
[2025-07-12T18:19:48.616Z] [INFO] Checking project structure...
[2025-07-12T18:19:48.665Z] [INFO] âœ… Project structure looks good
[2025-07-12T18:19:48.666Z] [INFO] ğŸ“¦ Installing all dependencies...
[2025-07-12T18:19:48.667Z] [INFO] Running: npm cache clean --force
[2025-07-13T01:55:08.099Z] [INFO] ğŸš€ Starting QMOI Auto-Setup...
[2025-07-13T01:55:08.101Z] [INFO] Checking project structure...
[2025-07-13T01:55:08.101Z] [INFO] âœ… Project structure looks good
[2025-07-13T01:55:08.102Z] [INFO] ğŸ“¦ Installing all dependencies...
[2025-07-13T01:55:08.102Z] [INFO] Running: npm cache clean --force
[2025-07-13T01:55:37.462Z] [INFO] âœ… Success: npm cache clean --force
[2025-07-13T01:55:37.463Z] [INFO] Attempt 1/3: npm install --yes --legacy-peer-deps
[2025-07-13T01:55:37.464Z] [INFO] Running: npm install --yes --legacy-peer-deps
[2025-07-13T02:00:37.501Z] [ERROR] âŒ Failed: npm install --yes --legacy-peer-deps - spawnSync C:\WINDOWS\system32\cmd.exe ETIMEDOUT
[2025-07-13T02:00:37.502Z] [INFO] Retrying in 5 seconds...
[2025-07-13T02:00:37.754Z] [ERROR] Fatal error: Command failed: sleep 5
[2025-07-15T05:29:30.827Z] [INFO] ğŸš€ Starting QMOI Auto-Setup...
[2025-07-15T05:29:30.827Z] [INFO] ğŸš€ Starting QMOI Auto-Setup...
[2025-07-15T05:29:30.848Z] [INFO] Checking project structure...
[2025-07-15T05:29:30.849Z] [INFO] Checking project structure...
[2025-07-15T05:29:30.852Z] [INFO] âœ… Project structure looks good
[2025-07-15T05:29:30.853Z] [INFO] âœ… Project structure looks good
[2025-07-15T05:29:30.853Z] [INFO] ğŸ“¦ Installing all dependencies...
[2025-07-15T05:29:30.865Z] [INFO] ğŸ“¦ Installing all dependencies...
[2025-07-15T05:29:30.866Z] [INFO] Running: npm cache clean --force
[2025-07-15T05:29:30.867Z] [INFO] Running: npm cache clean --force
[2025-07-15T05:30:21.991Z] [ERROR] âŒ Failed: npm cache clean --force - Command failed: npm cache clean --force
[2025-07-15T05:30:21.991Z] [ERROR] âŒ Failed: npm cache clean --force - Command failed: npm cache clean --force
[2025-07-15T05:30:21.992Z] [INFO] Attempt 1/3: npm install --yes --legacy-peer-deps
[2025-07-15T05:30:21.992Z] [INFO] Attempt 1/3: npm install --yes --legacy-peer-deps
[2025-07-15T05:30:21.993Z] [INFO] Running: npm install --yes --legacy-peer-deps
[2025-07-15T05:30:21.993Z] [INFO] Running: npm install --yes --legacy-peer-deps
[2025-07-15T05:31:19.146Z] [INFO] âœ… Success: npm install --yes --legacy-peer-deps
[2025-07-15T05:31:19.146Z] [INFO] âœ… Success: npm install --yes --legacy-peer-deps
[2025-07-15T05:31:19.147Z] [INFO] Installing testing dependencies...
[2025-07-15T05:31:19.147Z] [INFO] Installing testing dependencies...
[2025-07-15T05:31:19.148Z] [INFO] Attempt 1/3: npm install --save-dev --yes @testing-library/react @testing-library/react-hooks @testing-library/jest-dom @testing-library/user-event jest jest-environment-jsdom playwright cypress @types/jest
[2025-07-15T05:31:19.148Z] [INFO] Attempt 1/3: npm install --save-dev --yes @testing-library/react @testing-library/react-hooks @testing-library/jest-dom @testing-library/user-event jest jest-environment-jsdom playwright cypress @types/jest
[2025-07-15T05:31:19.149Z] [INFO] Running: npm install --save-dev --yes @testing-library/react @testing-library/react-hooks @testing-library/jest-dom @testing-library/user-event jest jest-environment-jsdom playwright cypress @types/jest
[2025-07-15T05:31:19.149Z] [INFO] Running: npm install --save-dev --yes @testing-library/react @testing-library/react-hooks @testing-library/jest-dom @testing-library/user-event jest jest-environment-jsdom playwright cypress @types/jest
[2025-07-15T05:35:25.212Z] [ERROR] âŒ Failed: npm install --save-dev --yes @testing-library/react @testing-library/react-hooks @testing-library/jest-dom @testing-library/user-event jest jest-environment-jsdom playwright cypress @types/jest - Command failed: npm install --save-dev --yes @testing-library/react @testing-library/react-hooks @testing-library/jest-dom @testing-library/user-event jest jest-environment-jsdom playwright cypress @types/jest
[2025-07-15T05:35:25.213Z] [INFO] Retrying in 5 seconds...
[2025-07-15T05:35:25.220Z] [ERROR] âŒ Failed: npm install --save-dev --yes @testing-library/react @testing-library/react-hooks @testing-library/jest-dom @testing-library/user-event jest jest-environment-jsdom playwright cypress @types/jest - Command failed: npm install --save-dev --yes @testing-library/react @testing-library/react-hooks @testing-library/jest-dom @testing-library/user-event jest jest-environment-jsdom playwright cypress @types/jest
[2025-07-15T05:35:25.221Z] [INFO] Retrying in 5 seconds...
[2025-07-15T05:35:25.320Z] [ERROR] Fatal error: Command failed: sleep 5
[2025-07-15T05:35:25.319Z] [ERROR] Fatal error: Command failed: sleep 5
[2025-07-15T05:42:11.064Z] [INFO] ğŸš€ Starting QMOI Auto-Setup...
[2025-07-15T05:42:11.237Z] [INFO] Checking project structure...
[2025-07-15T05:42:11.238Z] [INFO] âœ… Project structure looks good
[2025-07-15T05:42:11.239Z] [INFO] ğŸ“¦ Installing all dependencies...
[2025-07-15T05:42:11.240Z] [INFO] Running: npm cache clean --force
[2025-07-15T05:42:48.529Z] [INFO] ğŸš€ Starting QMOI Auto-Setup...
[2025-07-15T05:42:48.531Z] [INFO] Checking project structure...
[2025-07-15T05:42:48.533Z] [INFO] âœ… Project structure looks good
[2025-07-15T05:42:48.535Z] [INFO] ğŸ“¦ Installing all dependencies...
[2025-07-15T05:42:48.535Z] [INFO] Running: npm cache clean --force
[2025-07-15T05:44:44.003Z] [ERROR] âŒ Failed: npm cache clean --force - Command failed: npm cache clean --force
[2025-07-15T05:44:44.004Z] [INFO] Attempt 1/3: npm install --yes --legacy-peer-deps
[2025-07-15T05:44:44.004Z] [INFO] Running: npm install --yes --legacy-peer-deps
[2025-07-15T05:44:44.064Z] [ERROR] âŒ Failed: npm cache clean --force - Command failed: npm cache clean --force
[2025-07-15T05:44:44.065Z] [INFO] Attempt 1/3: npm install --yes --legacy-peer-deps
[2025-07-15T05:44:44.065Z] [INFO] Running: npm install --yes --legacy-peer-deps
[2025-07-15T05:46:03.609Z] [INFO] ğŸš€ Starting QMOI Auto-Setup...
[2025-07-15T05:46:03.831Z] [INFO] Checking project structure...
[2025-07-15T05:46:03.833Z] [INFO] âœ… Project structure looks good
[2025-07-15T05:46:03.834Z] [INFO] ğŸ“¦ Installing all dependencies...
[2025-07-15T05:46:03.835Z] [INFO] Running: npm cache clean --force
[2025-07-15T05:46:12.920Z] [INFO] ğŸš€ Starting QMOI Auto-Setup...
[2025-07-15T05:46:12.922Z] [INFO] Checking project structure...
[2025-07-15T05:46:12.923Z] [INFO] âœ… Project structure looks good
[2025-07-15T05:46:12.924Z] [INFO] ğŸ“¦ Installing all dependencies...
[2025-07-15T05:46:12.925Z] [INFO] Running: npm cache clean --force
[2025-07-15T05:46:24.553Z] [INFO] âœ… Success: npm cache clean --force
[2025-07-15T05:46:24.552Z] [INFO] âœ… Success: npm cache clean --force
[2025-07-15T05:46:24.554Z] [INFO] Attempt 1/3: npm install --yes --legacy-peer-deps
[2025-07-15T05:46:24.554Z] [INFO] Attempt 1/3: npm install --yes --legacy-peer-deps
[2025-07-15T05:46:24.555Z] [INFO] Running: npm install --yes --legacy-peer-deps
[2025-07-15T05:46:24.554Z] [INFO] Running: npm install --yes --legacy-peer-deps
[2025-07-15T05:48:43.011Z] [INFO] âœ… Success: npm install --yes --legacy-peer-deps
[2025-07-15T05:48:43.012Z] [INFO] Installing testing dependencies...
[2025-07-15T05:48:43.013Z] [INFO] Attempt 1/3: npm install --save-dev --yes @testing-library/react @testing-library/react-hooks @testing-library/jest-dom @testing-library/user-event jest jest-environment-jsdom playwright cypress @types/jest
[2025-07-15T05:48:43.013Z] [INFO] Running: npm install --save-dev --yes @testing-library/react @testing-library/react-hooks @testing-library/jest-dom @testing-library/user-event jest jest-environment-jsdom playwright cypress @types/jest
[2025-07-15T05:48:43.520Z] [INFO] âœ… Success: npm install --yes --legacy-peer-deps
[2025-07-15T05:48:43.523Z] [INFO] Installing testing dependencies...
[2025-07-15T05:48:43.525Z] [INFO] Attempt 1/3: npm install --save-dev --yes @testing-library/react @testing-library/react-hooks @testing-library/jest-dom @testing-library/user-event jest jest-environment-jsdom playwright cypress @types/jest
[2025-07-15T05:48:43.527Z] [INFO] Running: npm install --save-dev --yes @testing-library/react @testing-library/react-hooks @testing-library/jest-dom @testing-library/user-event jest jest-environment-jsdom playwright cypress @types/jest
[2025-07-15T05:48:52.222Z] [INFO] âœ… Success: npm install --yes --legacy-peer-deps
[2025-07-15T05:48:52.222Z] [INFO] âœ… Success: npm install --yes --legacy-peer-deps
[2025-07-15T05:48:52.223Z] [INFO] Installing testing dependencies...
[2025-07-15T05:48:52.223Z] [INFO] Installing testing dependencies...
[2025-07-15T05:48:52.224Z] [INFO] Attempt 1/3: npm install --save-dev --yes @testing-library/react @testing-library/react-hooks @testing-library/jest-dom @testing-library/user-event jest jest-environment-jsdom playwright cypress @types/jest
[2025-07-15T05:48:52.224Z] [INFO] Attempt 1/3: npm install --save-dev --yes @testing-library/react @testing-library/react-hooks @testing-library/jest-dom @testing-library/user-event jest jest-environment-jsdom playwright cypress @types/jest
[2025-07-15T05:48:52.224Z] [INFO] Running: npm install --save-dev --yes @testing-library/react @testing-library/react-hooks @testing-library/jest-dom @testing-library/user-event jest jest-environment-jsdom playwright cypress @types/jest
[2025-07-15T05:48:52.225Z] [INFO] Running: npm install --save-dev --yes @testing-library/react @testing-library/react-hooks @testing-library/jest-dom @testing-library/user-event jest jest-environment-jsdom playwright cypress @types/jest
[2025-07-15T05:49:16.749Z] [ERROR] âŒ Failed: npm install --save-dev --yes @testing-library/react @testing-library/react-hooks @testing-library/jest-dom @testing-library/user-event jest jest-environment-jsdom playwright cypress @types/jest - Command failed: npm install --save-dev --yes @testing-library/react @testing-library/react-hooks @testing-library/jest-dom @testing-library/user-event jest jest-environment-jsdom playwright cypress @types/jest
[2025-07-15T05:49:16.750Z] [INFO] Retrying in 5 seconds...
[2025-07-15T05:49:17.033Z] [ERROR] âŒ Failed: npm install --save-dev --yes @testing-library/react @testing-library/react-hooks @testing-library/jest-dom @testing-library/user-event jest jest-environment-jsdom playwright cypress @types/jest - Command failed: npm install --save-dev --yes @testing-library/react @testing-library/react-hooks @testing-library/jest-dom @testing-library/user-event jest jest-environment-jsdom playwright cypress @types/jest
[2025-07-15T05:49:17.034Z] [INFO] Retrying in 5 seconds...
[2025-07-15T05:49:17.053Z] [ERROR] âŒ Failed: npm install --save-dev --yes @testing-library/react @testing-library/react-hooks @testing-library/jest-dom @testing-library/user-event jest jest-environment-jsdom playwright cypress @types/jest - Command failed: npm install --save-dev --yes @testing-library/react @testing-library/react-hooks @testing-library/jest-dom @testing-library/user-event jest jest-environment-jsdom playwright cypress @types/jest
[2025-07-15T05:49:17.054Z] [INFO] Retrying in 5 seconds...
[2025-07-15T05:49:17.084Z] [ERROR] âŒ Failed: npm install --save-dev --yes @testing-library/react @testing-library/react-hooks @testing-library/jest-dom @testing-library/user-event jest jest-environment-jsdom playwright cypress @types/jest - Command failed: npm install --save-dev --yes @testing-library/react @testing-library/react-hooks @testing-library/jest-dom @testing-library/user-event jest jest-environment-jsdom playwright cypress @types/jest
[2025-07-15T05:49:17.085Z] [INFO] Retrying in 5 seconds...
