TN:
SF:components\AIContext.tsx
FN:61,useAIContext
FN:67,AIProvider
FN:71,(anonymous_2)
FN:84,(anonymous_3)
FN:100,(anonymous_4)
FN:113,(anonymous_5)
FN:129,(anonymous_6)
FN:154,(anonymous_7)
FN:174,(anonymous_8)
FN:177,(anonymous_9)
FN:178,(anonymous_10)
FN:190,(anonymous_11)
FN:193,(anonymous_12)
FN:194,(anonymous_13)
FN:208,(anonymous_14)
FN:211,(anonymous_15)
FN:212,(anonymous_16)
FNF:17
FNH:0
FNDA:0,useAIContext
FNDA:0,AIProvider
FNDA:0,(anonymous_2)
FNDA:0,(anonymous_3)
FNDA:0,(anonymous_4)
FNDA:0,(anonymous_5)
FNDA:0,(anonymous_6)
FNDA:0,(anonymous_7)
FNDA:0,(anonymous_8)
FNDA:0,(anonymous_9)
FNDA:0,(anonymous_10)
FNDA:0,(anonymous_11)
FNDA:0,(anonymous_12)
FNDA:0,(anonymous_13)
FNDA:0,(anonymous_14)
FNDA:0,(anonymous_15)
FNDA:0,(anonymous_16)
DA:59,0
DA:62,0
DA:63,0
DA:64,0
DA:68,0
DA:71,0
DA:72,0
DA:73,0
DA:74,0
DA:75,0
DA:77,0
DA:79,0
DA:80,0
DA:84,0
DA:85,0
DA:86,0
DA:87,0
DA:90,0
DA:91,0
DA:100,0
DA:101,0
DA:102,0
DA:103,0
DA:104,0
DA:106,0
DA:108,0
DA:109,0
DA:113,0
DA:114,0
DA:115,0
DA:116,0
DA:119,0
DA:120,0
DA:129,0
DA:130,0
DA:131,0
DA:132,0
DA:133,0
DA:135,0
DA:143,0
DA:144,0
DA:154,0
DA:155,0
DA:156,0
DA:157,0
DA:160,0
DA:161,0
DA:170,0
DA:171,0
DA:174,0
DA:175,0
DA:177,0
DA:178,0
DA:180,0
DA:181,0
DA:190,0
DA:191,0
DA:193,0
DA:194,0
DA:195,0
DA:197,0
DA:198,0
DA:203,0
DA:208,0
DA:209,0
DA:211,0
DA:212,0
DA:213,0
DA:215,0
DA:216,0
DA:221,0
DA:225,0
LF:72
LH:0
BRDA:63,0,0,0
BRDA:63,0,1,0
BRDA:73,1,0,0
BRDA:73,1,1,0
BRDA:75,2,0,0
BRDA:75,2,1,0
BRDA:86,3,0,0
BRDA:86,3,1,0
BRDA:102,4,0,0
BRDA:102,4,1,0
BRDA:104,5,0,0
BRDA:104,5,1,0
BRDA:115,6,0,0
BRDA:115,6,1,0
BRDA:131,7,0,0
BRDA:131,7,1,0
BRDA:133,8,0,0
BRDA:133,8,1,0
BRDA:156,9,0,0
BRDA:156,9,1,0
BRF:20
BRH:0
end_of_record
TN:
SF:components\AppManager.tsx
FN:52,AppManager
FN:74,(anonymous_1)
FN:79,(anonymous_2)
FN:83,(anonymous_3)
FN:88,(anonymous_4)
FN:89,(anonymous_5)
FN:90,(anonymous_6)
FN:90,(anonymous_7)
FN:95,(anonymous_8)
FN:96,(anonymous_9)
FN:99,(anonymous_10)
FN:100,(anonymous_11)
FN:103,(anonymous_12)
FN:104,(anonymous_13)
FN:104,(anonymous_14)
FN:109,(anonymous_15)
FN:110,(anonymous_16)
FN:110,(anonymous_17)
FN:115,(anonymous_18)
FN:119,(anonymous_19)
FN:124,(anonymous_20)
FN:125,(anonymous_21)
FN:129,(anonymous_22)
FN:133,(anonymous_23)
FN:137,(anonymous_24)
FN:146,(anonymous_25)
FN:154,(anonymous_26)
FN:162,(anonymous_27)
FN:170,(anonymous_28)
FN:175,(anonymous_29)
FN:182,(anonymous_30)
FN:193,(anonymous_31)
FN:204,(anonymous_32)
FN:224,(anonymous_33)
FN:260,(anonymous_34)
FN:270,(anonymous_35)
FN:275,(anonymous_36)
FN:295,(anonymous_37)
FN:315,(anonymous_38)
FN:319,(anonymous_39)
FN:325,(anonymous_40)
FN:368,(anonymous_41)
FN:374,(anonymous_42)
FN:379,(anonymous_43)
FN:392,(anonymous_44)
FN:399,(anonymous_45)
FN:441,(anonymous_46)
FN:441,(anonymous_47)
FN:450,(anonymous_48)
FN:457,(anonymous_49)
FN:484,(anonymous_50)
FN:484,(anonymous_51)
FN:493,(anonymous_52)
FNF:53
FNH:0
FNDA:0,AppManager
FNDA:0,(anonymous_1)
FNDA:0,(anonymous_2)
FNDA:0,(anonymous_3)
FNDA:0,(anonymous_4)
FNDA:0,(anonymous_5)
FNDA:0,(anonymous_6)
FNDA:0,(anonymous_7)
FNDA:0,(anonymous_8)
FNDA:0,(anonymous_9)
FNDA:0,(anonymous_10)
FNDA:0,(anonymous_11)
FNDA:0,(anonymous_12)
FNDA:0,(anonymous_13)
FNDA:0,(anonymous_14)
FNDA:0,(anonymous_15)
FNDA:0,(anonymous_16)
FNDA:0,(anonymous_17)
FNDA:0,(anonymous_18)
FNDA:0,(anonymous_19)
FNDA:0,(anonymous_20)
FNDA:0,(anonymous_21)
FNDA:0,(anonymous_22)
FNDA:0,(anonymous_23)
FNDA:0,(anonymous_24)
FNDA:0,(anonymous_25)
FNDA:0,(anonymous_26)
FNDA:0,(anonymous_27)
FNDA:0,(anonymous_28)
FNDA:0,(anonymous_29)
FNDA:0,(anonymous_30)
FNDA:0,(anonymous_31)
FNDA:0,(anonymous_32)
FNDA:0,(anonymous_33)
FNDA:0,(anonymous_34)
FNDA:0,(anonymous_35)
FNDA:0,(anonymous_36)
FNDA:0,(anonymous_37)
FNDA:0,(anonymous_38)
FNDA:0,(anonymous_39)
FNDA:0,(anonymous_40)
FNDA:0,(anonymous_41)
FNDA:0,(anonymous_42)
FNDA:0,(anonymous_43)
FNDA:0,(anonymous_44)
FNDA:0,(anonymous_45)
FNDA:0,(anonymous_46)
FNDA:0,(anonymous_47)
FNDA:0,(anonymous_48)
FNDA:0,(anonymous_49)
FNDA:0,(anonymous_50)
FNDA:0,(anonymous_51)
FNDA:0,(anonymous_52)
DA:53,0
DA:54,0
DA:55,0
DA:56,0
DA:57,0
DA:58,0
DA:59,0
DA:60,0
DA:61,0
DA:62,0
DA:63,0
DA:65,0
DA:74,0
DA:75,0
DA:76,0
DA:79,0
DA:80,0
DA:83,0
DA:84,0
DA:85,0
DA:88,0
DA:89,0
DA:90,0
DA:91,0
DA:95,0
DA:96,0
DA:99,0
DA:100,0
DA:103,0
DA:104,0
DA:105,0
DA:109,0
DA:110,0
DA:111,0
DA:115,0
DA:116,0
DA:119,0
DA:121,0
DA:124,0
DA:125,0
DA:129,0
DA:130,0
DA:132,0
DA:133,0
DA:136,0
DA:137,0
DA:138,0
DA:143,0
DA:146,0
DA:147,0
DA:148,0
DA:150,0
DA:154,0
DA:155,0
DA:156,0
DA:158,0
DA:162,0
DA:163,0
DA:164,0
DA:166,0
DA:170,0
DA:171,0
DA:172,0
DA:175,0
DA:176,0
DA:177,0
DA:178,0
DA:179,0
DA:182,0
DA:183,0
DA:184,0
DA:185,0
DA:186,0
DA:187,0
DA:188,0
DA:189,0
DA:193,0
DA:194,0
DA:195,0
DA:196,0
DA:197,0
DA:198,0
DA:199,0
DA:200,0
DA:204,0
DA:205,0
DA:224,0
DA:260,0
DA:270,0
DA:275,0
DA:295,0
DA:296,0
DA:315,0
DA:319,0
DA:325,0
DA:334,0
DA:368,0
DA:375,0
DA:379,0
DA:392,0
DA:399,0
DA:441,0
DA:442,0
DA:450,0
DA:457,0
DA:484,0
DA:485,0
DA:493,0
LF:108
LH:0
BRDA:91,0,0,0
BRDA:91,0,1,0
BRDA:105,1,0,0
BRDA:105,1,1,0
BRDA:111,2,0,0
BRDA:111,2,1,0
BRDA:132,3,0,0
BRDA:132,3,1,0
BRDA:136,4,0,0
BRDA:136,4,1,0
BRDA:138,5,0,0
BRDA:138,5,1,0
BRDA:177,6,0,0
BRDA:177,6,1,0
BRDA:183,7,0,0
BRDA:183,7,1,0
BRDA:183,7,2,0
BRDA:183,7,3,0
BRDA:183,7,4,0
BRDA:183,7,5,0
BRDA:194,8,0,0
BRDA:194,8,1,0
BRDA:194,8,2,0
BRDA:194,8,3,0
BRDA:194,8,4,0
BRDA:194,8,5,0
BRDA:223,9,0,0
BRDA:223,9,1,0
BRDA:235,10,0,0
BRDA:235,10,1,0
BRDA:245,11,0,0
BRDA:245,11,1,0
BRDA:255,12,0,0
BRDA:255,12,1,0
BRDA:260,13,0,0
BRDA:260,13,1,0
BRDA:269,14,0,0
BRDA:269,14,1,0
BRDA:313,15,0,0
BRDA:313,15,1,0
BRDA:377,16,0,0
BRDA:377,16,1,0
BRDA:390,17,0,0
BRDA:390,17,1,0
BRDA:397,18,0,0
BRDA:397,18,1,0
BRDA:407,19,0,0
BRDA:407,19,1,0
BRDA:417,20,0,0
BRDA:417,20,1,0
BRDA:441,21,0,0
BRDA:441,21,1,0
BRDA:457,22,0,0
BRDA:457,22,1,0
BRDA:457,23,0,0
BRDA:457,23,1,0
BRF:56
BRH:0
end_of_record
TN:
SF:components\BluetoothManager.tsx
FN:10,(anonymous_0)
FN:18,scanForDevices
FN:27,(anonymous_2)
FN:34,connectToDevice
FN:42,(anonymous_4)
FN:62,(anonymous_5)
FN:65,(anonymous_6)
FNF:7
FNH:0
FNDA:0,(anonymous_0)
FNDA:0,scanForDevices
FNDA:0,(anonymous_2)
FNDA:0,connectToDevice
FNDA:0,(anonymous_4)
FNDA:0,(anonymous_5)
FNDA:0,(anonymous_6)
DA:10,0
DA:11,0
DA:12,0
DA:13,0
DA:14,0
DA:15,0
DA:16,0
DA:19,0
DA:20,0
DA:21,0
DA:23,0
DA:27,0
DA:29,0
DA:31,0
DA:35,0
DA:36,0
DA:37,0
DA:39,0
DA:41,0
DA:42,0
DA:43,0
DA:47,0
DA:49,0
DA:51,0
DA:54,0
DA:63,0
DA:65,0
LF:27
LH:0
BRDA:29,0,0,0
BRDA:29,0,1,0
BRDA:41,1,0,0
BRDA:41,1,1,0
BRDA:49,2,0,0
BRDA:49,2,1,0
BRDA:58,3,0,0
BRDA:58,3,1,0
BRDA:60,4,0,0
BRDA:60,4,1,0
BRDA:63,5,0,0
BRDA:63,5,1,0
BRDA:64,6,0,0
BRDA:64,6,1,0
BRDA:64,7,0,0
BRDA:64,7,1,0
BRDA:65,8,0,0
BRDA:65,8,1,0
BRDA:66,9,0,0
BRDA:66,9,1,0
BRDA:71,10,0,0
BRDA:71,10,1,0
BRDA:71,10,2,0
BRDA:73,11,0,0
BRDA:73,11,1,0
BRF:25
BRH:0
end_of_record
TN:
SF:components\BrowserInterface.tsx
FN:82,BrowserInterface
FN:101,(anonymous_1)
FN:106,(anonymous_2)
FN:115,(anonymous_3)
FN:175,(anonymous_4)
FN:180,(anonymous_5)
FN:184,(anonymous_6)
FN:188,(anonymous_7)
FN:198,(anonymous_8)
FN:203,(anonymous_9)
FN:208,(anonymous_10)
FN:213,(anonymous_11)
FN:221,(anonymous_12)
FN:224,(anonymous_13)
FN:232,(anonymous_14)
FN:238,(anonymous_15)
FN:247,(anonymous_16)
FN:254,(anonymous_17)
FN:262,(anonymous_18)
FN:267,(anonymous_19)
FN:269,(anonymous_20)
FN:269,(anonymous_21)
FN:274,(anonymous_22)
FN:274,(anonymous_23)
FN:276,(anonymous_24)
FN:282,(anonymous_25)
FN:293,(anonymous_26)
FN:303,(anonymous_27)
FN:306,(anonymous_28)
FNF:29
FNH:0
FNDA:0,BrowserInterface
FNDA:0,(anonymous_1)
FNDA:0,(anonymous_2)
FNDA:0,(anonymous_3)
FNDA:0,(anonymous_4)
FNDA:0,(anonymous_5)
FNDA:0,(anonymous_6)
FNDA:0,(anonymous_7)
FNDA:0,(anonymous_8)
FNDA:0,(anonymous_9)
FNDA:0,(anonymous_10)
FNDA:0,(anonymous_11)
FNDA:0,(anonymous_12)
FNDA:0,(anonymous_13)
FNDA:0,(anonymous_14)
FNDA:0,(anonymous_15)
FNDA:0,(anonymous_16)
FNDA:0,(anonymous_17)
FNDA:0,(anonymous_18)
FNDA:0,(anonymous_19)
FNDA:0,(anonymous_20)
FNDA:0,(anonymous_21)
FNDA:0,(anonymous_22)
FNDA:0,(anonymous_23)
FNDA:0,(anonymous_24)
FNDA:0,(anonymous_25)
FNDA:0,(anonymous_26)
FNDA:0,(anonymous_27)
FNDA:0,(anonymous_28)
DA:83,0
DA:84,0
DA:85,0
DA:86,0
DA:87,0
DA:88,0
DA:89,0
DA:90,0
DA:91,0
DA:92,0
DA:93,0
DA:94,0
DA:95,0
DA:96,0
DA:97,0
DA:99,0
DA:101,0
DA:102,0
DA:103,0
DA:106,0
DA:115,0
DA:175,0
DA:180,0
DA:184,0
DA:188,0
DA:189,0
DA:191,0
DA:194,0
DA:198,0
DA:199,0
DA:203,0
DA:204,0
DA:208,0
DA:209,0
DA:213,0
DA:214,0
DA:215,0
DA:216,0
DA:221,0
DA:222,0
DA:224,0
DA:225,0
DA:226,0
DA:227,0
DA:228,0
DA:232,0
DA:233,0
DA:235,0
DA:238,0
DA:239,0
DA:244,0
DA:247,0
DA:254,0
DA:255,0
DA:258,0
DA:262,0
DA:264,0
DA:267,0
DA:269,0
DA:270,0
DA:274,0
DA:276,0
DA:277,0
DA:282,0
DA:294,0
DA:295,0
DA:303,0
DA:304,0
DA:307,0
DA:328,0
LF:70
LH:0
BRDA:189,0,0,0
BRDA:189,0,1,0
BRDA:189,1,0,0
BRDA:189,1,1,0
BRDA:199,2,0,0
BRDA:199,2,1,0
BRDA:204,3,0,0
BRDA:204,3,1,0
BRDA:209,4,0,0
BRDA:209,4,1,0
BRDA:214,5,0,0
BRDA:214,5,1,0
BRDA:216,6,0,0
BRDA:216,6,1,0
BRDA:233,7,0,0
BRDA:233,7,1,0
BRDA:239,8,0,0
BRDA:239,8,1,0
BRDA:270,9,0,0
BRDA:270,9,1,0
BRDA:280,10,0,0
BRDA:280,10,1,0
BRDA:285,11,0,0
BRDA:285,11,1,0
BRDA:288,12,0,0
BRDA:288,12,1,0
BRF:26
BRH:0
end_of_record
TN:
SF:components\CashonTradingPanel.tsx
FN:54,CashonTradingPanel
FN:67,(anonymous_1)
FN:74,(anonymous_2)
FN:80,(anonymous_3)
FN:83,(anonymous_4)
FN:84,(anonymous_5)
FN:87,(anonymous_6)
FN:88,(anonymous_7)
FN:91,(anonymous_8)
FN:131,(anonymous_9)
FN:152,(anonymous_10)
FN:173,(anonymous_11)
FN:198,(anonymous_12)
FN:343,(anonymous_13)
FN:352,(anonymous_14)
FN:361,(anonymous_15)
FN:391,(anonymous_16)
FN:460,(anonymous_17)
FN:504,(anonymous_18)
FNF:19
FNH:0
FNDA:0,CashonTradingPanel
FNDA:0,(anonymous_1)
FNDA:0,(anonymous_2)
FNDA:0,(anonymous_3)
FNDA:0,(anonymous_4)
FNDA:0,(anonymous_5)
FNDA:0,(anonymous_6)
FNDA:0,(anonymous_7)
FNDA:0,(anonymous_8)
FNDA:0,(anonymous_9)
FNDA:0,(anonymous_10)
FNDA:0,(anonymous_11)
FNDA:0,(anonymous_12)
FNDA:0,(anonymous_13)
FNDA:0,(anonymous_14)
FNDA:0,(anonymous_15)
FNDA:0,(anonymous_16)
FNDA:0,(anonymous_17)
FNDA:0,(anonymous_18)
DA:55,0
DA:56,0
DA:57,0
DA:58,0
DA:59,0
DA:60,0
DA:61,0
DA:62,0
DA:63,0
DA:64,0
DA:67,0
DA:68,0
DA:69,0
DA:70,0
DA:74,0
DA:75,0
DA:76,0
DA:80,0
DA:82,0
DA:83,0
DA:84,0
DA:86,0
DA:87,0
DA:88,0
DA:91,0
DA:92,0
DA:93,0
DA:94,0
DA:97,0
DA:100,0
DA:101,0
DA:102,0
DA:106,0
DA:109,0
DA:110,0
DA:111,0
DA:115,0
DA:118,0
DA:119,0
DA:120,0
DA:124,0
DA:125,0
DA:127,0
DA:131,0
DA:132,0
DA:133,0
DA:134,0
DA:139,0
DA:140,0
DA:142,0
DA:145,0
DA:146,0
DA:148,0
DA:152,0
DA:153,0
DA:154,0
DA:155,0
DA:160,0
DA:161,0
DA:163,0
DA:166,0
DA:167,0
DA:169,0
DA:173,0
DA:174,0
DA:175,0
DA:176,0
DA:185,0
DA:186,0
DA:188,0
DA:191,0
DA:192,0
DA:194,0
DA:198,0
DA:199,0
DA:200,0
DA:205,0
DA:206,0
DA:207,0
DA:210,0
DA:211,0
DA:231,0
DA:343,0
DA:352,0
DA:361,0
DA:392,0
DA:461,0
DA:505,0
LF:88
LH:0
BRDA:68,0,0,0
BRDA:68,0,1,0
BRDA:70,1,0,0
BRDA:70,1,1,0
BRDA:75,2,0,0
BRDA:75,2,1,0
BRDA:84,3,0,0
BRDA:84,3,1,0
BRDA:88,4,0,0
BRDA:88,4,1,0
BRDA:100,5,0,0
BRDA:100,5,1,0
BRDA:109,6,0,0
BRDA:109,6,1,0
BRDA:118,7,0,0
BRDA:118,7,1,0
BRDA:139,8,0,0
BRDA:139,8,1,0
BRDA:160,9,0,0
BRDA:160,9,1,0
BRDA:185,10,0,0
BRDA:185,10,1,0
BRDA:206,11,0,0
BRDA:206,11,1,0
BRDA:207,12,0,0
BRDA:207,12,1,0
BRDA:210,13,0,0
BRDA:210,13,1,0
BRDA:240,14,0,0
BRDA:240,14,1,0
BRDA:241,15,0,0
BRDA:241,15,1,0
BRDA:257,16,0,0
BRDA:257,16,1,0
BRDA:273,17,0,0
BRDA:273,17,1,0
BRDA:276,18,0,0
BRDA:276,18,1,0
BRDA:288,19,0,0
BRDA:288,19,1,0
BRDA:291,20,0,0
BRDA:291,20,1,0
BRDA:303,21,0,0
BRDA:303,21,1,0
BRDA:324,22,0,0
BRDA:324,22,1,0
BRDA:332,23,0,0
BRDA:332,23,1,0
BRDA:387,24,0,0
BRDA:387,24,1,0
BRDA:395,25,0,0
BRDA:395,25,1,0
BRDA:396,26,0,0
BRDA:396,26,1,0
BRDA:399,27,0,0
BRDA:399,27,1,0
BRDA:400,28,0,0
BRDA:400,28,1,0
BRDA:411,29,0,0
BRDA:411,29,1,0
BRDA:456,30,0,0
BRDA:456,30,1,0
BRDA:464,31,0,0
BRDA:464,31,1,0
BRDA:465,32,0,0
BRDA:465,32,1,0
BRDA:468,33,0,0
BRDA:468,33,1,0
BRDA:469,34,0,0
BRDA:469,34,1,0
BRDA:481,35,0,0
BRDA:481,35,1,0
BRDA:497,36,0,0
BRDA:497,36,1,0
BRF:74
BRH:0
end_of_record
TN:
SF:components\Chatbot.tsx
FN:12,(anonymous_0)
FN:22,(anonymous_1)
FN:26,(anonymous_2)
FN:30,(anonymous_3)
FN:47,(anonymous_4)
FN:54,(anonymous_5)
FN:69,(anonymous_6)
FN:81,(anonymous_7)
FN:111,(anonymous_8)
FNF:9
FNH:0
FNDA:0,(anonymous_0)
FNDA:0,(anonymous_1)
FNDA:0,(anonymous_2)
FNDA:0,(anonymous_3)
FNDA:0,(anonymous_4)
FNDA:0,(anonymous_5)
FNDA:0,(anonymous_6)
FNDA:0,(anonymous_7)
FNDA:0,(anonymous_8)
DA:12,0
DA:18,0
DA:19,0
DA:20,0
DA:22,0
DA:23,0
DA:26,0
DA:27,0
DA:30,0
DA:31,0
DA:32,0
DA:34,0
DA:41,0
DA:42,0
DA:43,0
DA:45,0
DA:47,0
DA:48,0
DA:54,0
DA:55,0
DA:58,0
DA:59,0
DA:63,0
DA:69,0
DA:82,0
DA:111,0
LF:26
LH:0
BRDA:32,0,0,0
BRDA:32,0,1,0
BRDA:85,1,0,0
BRDA:85,1,1,0
BRDA:97,2,0,0
BRDA:97,2,1,0
BRDA:118,3,0,0
BRDA:118,3,1,0
BRF:8
BRH:0
end_of_record
TN:
SF:components\DeploymentStatusDashboard.tsx
FN:18,DeploymentStatusDashboard
FN:30,fetchStatus
FN:51,(anonymous_2)
FN:54,(anonymous_3)
FN:61,(anonymous_4)
FN:65,(anonymous_5)
FN:72,(anonymous_6)
FN:79,(anonymous_7)
FN:89,(anonymous_8)
FN:93,(anonymous_9)
FN:148,(anonymous_10)
FN:163,(anonymous_11)
FNF:12
FNH:0
FNDA:0,DeploymentStatusDashboard
FNDA:0,fetchStatus
FNDA:0,(anonymous_2)
FNDA:0,(anonymous_3)
FNDA:0,(anonymous_4)
FNDA:0,(anonymous_5)
FNDA:0,(anonymous_6)
FNDA:0,(anonymous_7)
FNDA:0,(anonymous_8)
FNDA:0,(anonymous_9)
FNDA:0,(anonymous_10)
FNDA:0,(anonymous_11)
DA:16,0
DA:20,0
DA:21,0
DA:22,0
DA:23,0
DA:24,0
DA:25,0
DA:26,0
DA:27,0
DA:28,0
DA:31,0
DA:32,0
DA:33,0
DA:34,0
DA:35,0
DA:36,0
DA:37,0
DA:38,0
DA:39,0
DA:40,0
DA:41,0
DA:42,0
DA:43,0
DA:45,0
DA:47,0
DA:51,0
DA:52,0
DA:53,0
DA:54,0
DA:57,0
DA:60,0
DA:61,0
DA:65,0
DA:72,0
DA:79,0
DA:88,0
DA:89,0
DA:93,0
DA:101,0
DA:112,0
DA:123,0
DA:149,0
DA:163,0
LF:43
LH:0
BRDA:18,0,0,0
BRDA:35,1,0,0
BRDA:35,1,1,0
BRDA:40,2,0,0
BRDA:40,2,1,0
BRDA:41,3,0,0
BRDA:41,3,1,0
BRDA:42,4,0,0
BRDA:42,4,1,0
BRDA:43,5,0,0
BRDA:43,5,1,0
BRDA:45,6,0,0
BRDA:45,6,1,0
BRDA:57,7,0,0
BRDA:57,7,1,0
BRDA:65,8,0,0
BRDA:65,8,1,0
BRDA:72,9,0,0
BRDA:72,9,1,0
BRDA:79,10,0,0
BRDA:79,10,1,0
BRDA:93,11,0,0
BRDA:93,11,1,0
BRDA:126,12,0,0
BRDA:126,12,1,0
BRDA:126,13,0,0
BRDA:126,13,1,0
BRDA:153,14,0,0
BRDA:153,14,1,0
BRDA:154,15,0,0
BRDA:154,15,1,0
BRDA:155,16,0,0
BRDA:155,16,1,0
BRDA:165,17,0,0
BRDA:165,17,1,0
BRDA:170,18,0,0
BRDA:170,18,1,0
BRDA:170,18,2,0
BRDA:175,19,0,0
BRDA:175,19,1,0
BRDA:181,20,0,0
BRDA:181,20,1,0
BRDA:184,21,0,0
BRDA:184,21,1,0
BRDA:185,22,0,0
BRDA:185,22,1,0
BRF:46
BRH:0
end_of_record
TN:
SF:components\DeviceMap.tsx
FN:18,DeviceMap
FNF:1
FNH:0
FNDA:0,DeviceMap
DA:19,0
LF:1
LH:0
BRF:0
BRH:0
end_of_record
TN:
SF:components\DeviceSettingsPanel.tsx
FN:5,DeviceSettingsPanel
FN:10,handleWallpaperChange
FN:13,handleThemeChange
FN:14,(anonymous_3)
FN:16,handleFontChange
FN:17,(anonymous_5)
FN:19,handleAppAdd
FN:21,(anonymous_7)
FN:23,handleAppRemove
FN:24,(anonymous_9)
FN:24,(anonymous_10)
FN:56,(anonymous_11)
FN:59,(anonymous_12)
FNF:13
FNH:0
FNDA:0,DeviceSettingsPanel
FNDA:0,handleWallpaperChange
FNDA:0,handleThemeChange
FNDA:0,(anonymous_3)
FNDA:0,handleFontChange
FNDA:0,(anonymous_5)
FNDA:0,handleAppAdd
FNDA:0,(anonymous_7)
FNDA:0,handleAppRemove
FNDA:0,(anonymous_9)
FNDA:0,(anonymous_10)
FNDA:0,(anonymous_11)
FNDA:0,(anonymous_12)
DA:6,0
DA:7,0
DA:8,0
DA:11,0
DA:14,0
DA:17,0
DA:20,0
DA:21,0
DA:24,0
DA:27,0
DA:57,0
DA:59,0
LF:12
LH:0
BRDA:21,0,0,0
BRDA:21,0,1,0
BRF:2
BRH:0
end_of_record
TN:
SF:components\DownloadAppButton.tsx
FN:14,getDeviceType
FN:24,DownloadAppButton
FN:25,(anonymous_2)
FN:31,(anonymous_3)
FN:34,(anonymous_4)
FN:44,(anonymous_5)
FN:52,(anonymous_6)
FN:53,(anonymous_7)
FNF:8
FNH:0
FNDA:0,getDeviceType
FNDA:0,DownloadAppButton
FNDA:0,(anonymous_2)
FNDA:0,(anonymous_3)
FNDA:0,(anonymous_4)
FNDA:0,(anonymous_5)
FNDA:0,(anonymous_6)
FNDA:0,(anonymous_7)
DA:5,0
DA:15,0
DA:16,0
DA:17,0
DA:18,0
DA:19,0
DA:20,0
DA:21,0
DA:25,0
DA:26,0
DA:27,0
DA:28,0
DA:29,0
DA:31,0
DA:32,0
DA:33,0
DA:34,0
DA:35,0
DA:36,0
DA:37,0
DA:41,0
DA:42,0
DA:44,0
DA:52,0
DA:53,0
LF:25
LH:0
BRDA:15,0,0,0
BRDA:15,0,1,0
BRDA:16,1,0,0
BRDA:16,1,1,0
BRDA:17,2,0,0
BRDA:17,2,1,0
BRDA:18,3,0,0
BRDA:18,3,1,0
BRDA:19,4,0,0
BRDA:19,4,1,0
BRDA:20,5,0,0
BRDA:20,5,1,0
BRDA:41,6,0,0
BRDA:41,6,1,0
BRDA:45,7,0,0
BRDA:45,7,1,0
BRDA:47,8,0,0
BRDA:47,8,1,0
BRF:18
BRH:0
end_of_record
TN:
SF:components\DownloadManager.tsx
FN:9,(anonymous_0)
FN:11,(anonymous_1)
FN:36,(anonymous_2)
FN:42,(anonymous_3)
FN:44,(anonymous_4)
FN:45,(anonymous_5)
FN:48,(anonymous_6)
FN:52,(anonymous_7)
FN:55,(anonymous_8)
FN:69,(anonymous_9)
FNF:10
FNH:0
FNDA:0,(anonymous_0)
FNDA:0,(anonymous_1)
FNDA:0,(anonymous_2)
FNDA:0,(anonymous_3)
FNDA:0,(anonymous_4)
FNDA:0,(anonymous_5)
FNDA:0,(anonymous_6)
FNDA:0,(anonymous_7)
FNDA:0,(anonymous_8)
FNDA:0,(anonymous_9)
DA:9,0
DA:10,0
DA:12,0
DA:17,0
DA:36,0
DA:37,0
DA:38,0
DA:39,0
DA:42,0
DA:43,0
DA:44,0
DA:45,0
DA:48,0
DA:52,0
DA:53,0
DA:54,0
DA:55,0
DA:56,0
DA:57,0
DA:58,0
DA:62,0
DA:69,0
DA:79,0
LF:23
LH:0
BRDA:43,0,0,0
BRDA:43,0,1,0
BRDA:53,1,0,0
BRDA:53,1,1,0
BRF:4
BRH:0
end_of_record
TN:
SF:components\DownloadQApp.tsx
FN:19,(anonymous_0)
FN:27,(anonymous_1)
FN:45,(anonymous_2)
FN:47,(anonymous_3)
FN:49,(anonymous_4)
FN:51,(anonymous_5)
FN:53,(anonymous_6)
FN:55,(anonymous_7)
FN:177,(anonymous_8)
FN:186,(anonymous_9)
FN:209,(anonymous_10)
FN:244,(anonymous_11)
FN:252,(anonymous_12)
FN:268,(anonymous_13)
FN:277,(anonymous_14)
FN:323,(anonymous_15)
FNF:16
FNH:0
FNDA:0,(anonymous_0)
FNDA:0,(anonymous_1)
FNDA:0,(anonymous_2)
FNDA:0,(anonymous_3)
FNDA:0,(anonymous_4)
FNDA:0,(anonymous_5)
FNDA:0,(anonymous_6)
FNDA:0,(anonymous_7)
FNDA:0,(anonymous_8)
FNDA:0,(anonymous_9)
FNDA:0,(anonymous_10)
FNDA:0,(anonymous_11)
FNDA:0,(anonymous_12)
FNDA:0,(anonymous_13)
FNDA:0,(anonymous_14)
FNDA:0,(anonymous_15)
DA:19,0
DA:20,0
DA:21,0
DA:22,0
DA:23,0
DA:24,0
DA:25,0
DA:27,0
DA:29,0
DA:30,0
DA:31,0
DA:35,0
DA:36,0
DA:39,0
DA:40,0
DA:41,0
DA:45,0
DA:46,0
DA:47,0
DA:48,0
DA:49,0
DA:50,0
DA:51,0
DA:52,0
DA:53,0
DA:54,0
DA:55,0
DA:57,0
DA:60,0
DA:144,0
DA:177,0
DA:178,0
DA:180,0
DA:181,0
DA:184,0
DA:185,0
DA:186,0
DA:188,0
DA:189,0
DA:190,0
DA:191,0
DA:192,0
DA:196,0
DA:197,0
DA:198,0
DA:201,0
DA:202,0
DA:203,0
DA:204,0
DA:205,0
DA:206,0
DA:209,0
DA:210,0
DA:211,0
DA:212,0
DA:213,0
DA:214,0
DA:215,0
DA:216,0
DA:220,0
DA:222,0
DA:245,0
DA:252,0
DA:269,0
DA:278,0
DA:323,0
LF:66
LH:0
BRDA:30,0,0,0
BRDA:30,0,1,0
BRDA:40,1,0,0
BRDA:40,1,1,0
BRDA:46,2,0,0
BRDA:46,2,1,0
BRDA:47,3,0,0
BRDA:47,3,1,0
BRDA:47,4,0,0
BRDA:47,4,1,0
BRDA:48,5,0,0
BRDA:48,5,1,0
BRDA:49,6,0,0
BRDA:49,6,1,0
BRDA:49,7,0,0
BRDA:49,7,1,0
BRDA:50,8,0,0
BRDA:50,8,1,0
BRDA:51,9,0,0
BRDA:51,9,1,0
BRDA:51,10,0,0
BRDA:51,10,1,0
BRDA:52,11,0,0
BRDA:52,11,1,0
BRDA:53,12,0,0
BRDA:53,12,1,0
BRDA:53,13,0,0
BRDA:53,13,1,0
BRDA:54,14,0,0
BRDA:54,14,1,0
BRDA:55,15,0,0
BRDA:55,15,1,0
BRDA:55,16,0,0
BRDA:55,16,1,0
BRDA:178,17,0,0
BRDA:178,17,1,0
BRDA:188,18,0,0
BRDA:188,18,1,0
BRDA:189,19,0,0
BRDA:189,19,1,0
BRDA:190,20,0,0
BRDA:190,20,1,0
BRDA:191,21,0,0
BRDA:191,21,1,0
BRDA:192,22,0,0
BRDA:192,22,1,0
BRDA:210,23,0,0
BRDA:210,23,1,0
BRDA:210,23,2,0
BRDA:210,23,3,0
BRDA:210,23,4,0
BRDA:210,23,5,0
BRDA:220,24,0,0
BRDA:220,24,1,0
BRDA:238,25,0,0
BRDA:238,25,1,0
BRDA:248,26,0,0
BRDA:248,26,1,0
BRDA:248,27,0,0
BRDA:248,27,1,0
BRF:60
BRH:0
end_of_record
TN:
SF:components\EmergencyPanel.tsx
FN:3,(anonymous_0)
FN:6,(anonymous_1)
FN:9,(anonymous_2)
FN:12,(anonymous_3)
FN:15,(anonymous_4)
FNF:5
FNH:0
FNDA:0,(anonymous_0)
FNDA:0,(anonymous_1)
FNDA:0,(anonymous_2)
FNDA:0,(anonymous_3)
FNDA:0,(anonymous_4)
DA:3,0
DA:4,0
DA:6,0
DA:7,0
DA:9,0
DA:10,0
DA:12,0
DA:13,0
DA:15,0
DA:16,0
DA:19,0
LF:11
LH:0
BRF:0
BRH:0
end_of_record
TN:
SF:components\EnhancedPreviewWindow.tsx
FN:5,EnhancedPreviewWindow
FN:10,handleFileChange
FN:21,handleYoutubeChange
FNF:3
FNH:0
FNDA:0,EnhancedPreviewWindow
FNDA:0,handleFileChange
FNDA:0,handleYoutubeChange
DA:6,0
DA:7,0
DA:8,0
DA:11,0
DA:12,0
DA:13,0
DA:14,0
DA:15,0
DA:16,0
DA:17,0
DA:18,0
DA:22,0
DA:23,0
DA:26,0
LF:14
LH:0
BRDA:12,0,0,0
BRDA:12,0,1,0
BRDA:14,1,0,0
BRDA:14,1,1,0
BRDA:15,2,0,0
BRDA:15,2,1,0
BRDA:16,3,0,0
BRDA:16,3,1,0
BRDA:36,4,0,0
BRDA:36,4,1,0
BRDA:36,4,2,0
BRDA:46,5,0,0
BRDA:46,5,1,0
BRDA:46,5,2,0
BRDA:47,6,0,0
BRDA:47,6,1,0
BRDA:47,6,2,0
BRDA:48,7,0,0
BRDA:48,7,1,0
BRDA:48,7,2,0
BRDA:51,8,0,0
BRDA:51,8,1,0
BRDA:51,8,2,0
BRF:23
BRH:0
end_of_record
TN:
SF:components\EnhancedRevenuePanel.tsx
FN:63,EnhancedRevenuePanel
FN:80,(anonymous_1)
FN:85,(anonymous_2)
FN:89,(anonymous_3)
FN:106,(anonymous_4)
FN:125,(anonymous_5)
FN:148,(anonymous_6)
FN:167,(anonymous_7)
FN:186,(anonymous_8)
FN:211,(anonymous_9)
FN:236,(anonymous_10)
FN:273,(anonymous_11)
FN:437,(anonymous_12)
FN:451,(anonymous_13)
FN:473,(anonymous_14)
FN:486,(anonymous_15)
FN:529,(anonymous_16)
FN:560,(anonymous_17)
FN:564,(anonymous_18)
FN:565,(anonymous_19)
FNF:20
FNH:0
FNDA:0,EnhancedRevenuePanel
FNDA:0,(anonymous_1)
FNDA:0,(anonymous_2)
FNDA:0,(anonymous_3)
FNDA:0,(anonymous_4)
FNDA:0,(anonymous_5)
FNDA:0,(anonymous_6)
FNDA:0,(anonymous_7)
FNDA:0,(anonymous_8)
FNDA:0,(anonymous_9)
FNDA:0,(anonymous_10)
FNDA:0,(anonymous_11)
FNDA:0,(anonymous_12)
FNDA:0,(anonymous_13)
FNDA:0,(anonymous_14)
FNDA:0,(anonymous_15)
FNDA:0,(anonymous_16)
FNDA:0,(anonymous_17)
FNDA:0,(anonymous_18)
FNDA:0,(anonymous_19)
DA:64,0
DA:65,0
DA:66,0
DA:67,0
DA:68,0
DA:69,0
DA:70,0
DA:71,0
DA:72,0
DA:73,0
DA:74,0
DA:80,0
DA:81,0
DA:82,0
DA:83,0
DA:84,0
DA:85,0
DA:89,0
DA:90,0
DA:91,0
DA:97,0
DA:98,0
DA:99,0
DA:102,0
DA:106,0
DA:107,0
DA:108,0
DA:109,0
DA:110,0
DA:111,0
DA:112,0
DA:115,0
DA:116,0
DA:117,0
DA:118,0
DA:121,0
DA:125,0
DA:126,0
DA:127,0
DA:128,0
DA:134,0
DA:135,0
DA:136,0
DA:138,0
DA:141,0
DA:142,0
DA:144,0
DA:148,0
DA:149,0
DA:150,0
DA:151,0
DA:156,0
DA:157,0
DA:158,0
DA:161,0
DA:163,0
DA:167,0
DA:168,0
DA:169,0
DA:170,0
DA:175,0
DA:176,0
DA:177,0
DA:180,0
DA:182,0
DA:186,0
DA:187,0
DA:189,0
DA:190,0
DA:191,0
DA:200,0
DA:201,0
DA:202,0
DA:205,0
DA:207,0
DA:211,0
DA:212,0
DA:214,0
DA:215,0
DA:216,0
DA:225,0
DA:226,0
DA:227,0
DA:230,0
DA:232,0
DA:236,0
DA:237,0
DA:239,0
DA:240,0
DA:241,0
DA:246,0
DA:247,0
DA:250,0
DA:252,0
DA:256,0
DA:257,0
DA:273,0
DA:294,0
DA:295,0
DA:304,0
DA:305,0
DA:307,0
DA:437,0
DA:451,0
DA:473,0
DA:486,0
DA:530,0
DA:561,0
DA:565,0
LF:109
LH:0
BRDA:82,0,0,0
BRDA:82,0,1,0
BRDA:97,1,0,0
BRDA:97,1,1,0
BRDA:109,2,0,0
BRDA:109,2,1,0
BRDA:116,3,0,0
BRDA:116,3,1,0
BRDA:134,4,0,0
BRDA:134,4,1,0
BRDA:156,5,0,0
BRDA:156,5,1,0
BRDA:175,6,0,0
BRDA:175,6,1,0
BRDA:187,7,0,0
BRDA:187,7,1,0
BRDA:187,8,0,0
BRDA:187,8,1,0
BRDA:200,9,0,0
BRDA:200,9,1,0
BRDA:212,10,0,0
BRDA:212,10,1,0
BRDA:212,11,0,0
BRDA:212,11,1,0
BRDA:225,12,0,0
BRDA:225,12,1,0
BRDA:237,13,0,0
BRDA:237,13,1,0
BRDA:246,14,0,0
BRDA:246,14,1,0
BRDA:256,15,0,0
BRDA:256,15,1,0
BRDA:278,16,0,0
BRDA:278,16,1,0
BRDA:281,17,0,0
BRDA:281,17,1,0
BRDA:294,18,0,0
BRDA:294,18,1,0
BRDA:315,19,0,0
BRDA:315,19,1,0
BRDA:316,20,0,0
BRDA:316,20,1,0
BRDA:337,21,0,0
BRDA:337,21,1,0
BRDA:345,22,0,0
BRDA:345,22,1,0
BRDA:455,23,0,0
BRDA:455,23,1,0
BRDA:490,24,0,0
BRDA:490,24,1,0
BRDA:533,25,0,0
BRDA:533,25,1,0
BRDA:540,26,0,0
BRDA:540,26,1,0
BRF:54
BRH:0
end_of_record
TN:
SF:components\FarmBusinessManager.tsx
FN:10,(anonymous_0)
FN:16,(anonymous_1)
FN:18,(anonymous_2)
FN:26,(anonymous_3)
FN:35,(anonymous_4)
FN:42,(anonymous_5)
FN:47,(anonymous_6)
FNF:7
FNH:0
FNDA:0,(anonymous_0)
FNDA:0,(anonymous_1)
FNDA:0,(anonymous_2)
FNDA:0,(anonymous_3)
FNDA:0,(anonymous_4)
FNDA:0,(anonymous_5)
FNDA:0,(anonymous_6)
DA:10,0
DA:11,0
DA:12,0
DA:13,0
DA:14,0
DA:16,0
DA:17,0
DA:18,0
DA:19,0
DA:20,0
DA:23,0
DA:26,0
DA:35,0
DA:42,0
DA:48,0
LF:15
LH:0
BRDA:17,0,0,0
BRDA:17,0,1,0
BRF:2
BRH:0
end_of_record
TN:
SF:components\FileCategorizer.tsx
FN:21,(anonymous_0)
FN:26,(anonymous_1)
FN:28,(anonymous_2)
FN:39,(anonymous_3)
FN:42,(anonymous_4)
FN:43,(anonymous_5)
FN:47,(anonymous_6)
FN:48,(anonymous_7)
FNF:8
FNH:0
FNDA:0,(anonymous_0)
FNDA:0,(anonymous_1)
FNDA:0,(anonymous_2)
FNDA:0,(anonymous_3)
FNDA:0,(anonymous_4)
FNDA:0,(anonymous_5)
FNDA:0,(anonymous_6)
FNDA:0,(anonymous_7)
DA:14,0
DA:21,0
DA:22,0
DA:23,0
DA:24,0
DA:26,0
DA:27,0
DA:28,0
DA:29,0
DA:32,0
DA:39,0
DA:42,0
DA:43,0
DA:48,0
LF:14
LH:0
BRDA:27,0,0,0
BRDA:27,0,1,0
BRF:2
BRH:0
end_of_record
TN:
SF:components\FileExplorer.tsx
FN:14,(anonymous_0)
FN:53,(anonymous_1)
FN:63,(anonymous_2)
FN:73,(anonymous_3)
FN:92,(anonymous_4)
FN:104,(anonymous_5)
FN:110,(anonymous_6)
FN:110,(anonymous_7)
FNF:8
FNH:0
FNDA:0,(anonymous_0)
FNDA:0,(anonymous_1)
FNDA:0,(anonymous_2)
FNDA:0,(anonymous_3)
FNDA:0,(anonymous_4)
FNDA:0,(anonymous_5)
FNDA:0,(anonymous_6)
FNDA:0,(anonymous_7)
DA:14,0
DA:15,0
DA:50,0
DA:51,0
DA:53,0
DA:54,0
DA:55,0
DA:56,0
DA:58,0
DA:60,0
DA:63,0
DA:64,0
DA:65,0
DA:67,0
DA:74,0
DA:75,0
DA:77,0
DA:92,0
DA:99,0
DA:104,0
DA:110,0
LF:21
LH:0
BRDA:55,0,0,0
BRDA:55,0,1,0
BRDA:63,1,0,0
BRDA:71,2,0,0
BRDA:71,2,1,0
BRDA:74,3,0,0
BRDA:74,3,1,0
BRDA:82,4,0,0
BRDA:82,4,1,0
BRDA:82,5,0,0
BRDA:82,5,1,0
BRDA:85,6,0,0
BRDA:85,6,1,0
BRDA:85,6,2,0
BRDA:90,7,0,0
BRDA:90,7,1,0
BRDA:90,7,2,0
BRDA:90,7,3,0
BRDA:107,8,0,0
BRDA:107,8,1,0
BRDA:110,9,0,0
BRDA:110,9,1,0
BRDA:110,10,0,0
BRDA:110,10,1,0
BRF:24
BRH:0
end_of_record
TN:
SF:components\FinancialManager.tsx
FN:4,FinancialManager
FN:11,(anonymous_1)
FN:13,(anonymous_2)
FN:14,(anonymous_3)
FN:18,(anonymous_4)
FN:19,(anonymous_5)
FN:24,(anonymous_6)
FN:37,(anonymous_7)
FN:38,(anonymous_8)
FN:43,(anonymous_9)
FN:56,(anonymous_10)
FN:57,(anonymous_11)
FN:61,(anonymous_12)
FN:62,(anonymous_13)
FN:76,(anonymous_14)
FN:77,(anonymous_15)
FN:87,(anonymous_16)
FN:96,(anonymous_17)
FN:97,(anonymous_18)
FN:109,(anonymous_19)
FNF:20
FNH:0
FNDA:0,FinancialManager
FNDA:0,(anonymous_1)
FNDA:0,(anonymous_2)
FNDA:0,(anonymous_3)
FNDA:0,(anonymous_4)
FNDA:0,(anonymous_5)
FNDA:0,(anonymous_6)
FNDA:0,(anonymous_7)
FNDA:0,(anonymous_8)
FNDA:0,(anonymous_9)
FNDA:0,(anonymous_10)
FNDA:0,(anonymous_11)
FNDA:0,(anonymous_12)
FNDA:0,(anonymous_13)
FNDA:0,(anonymous_14)
FNDA:0,(anonymous_15)
FNDA:0,(anonymous_16)
FNDA:0,(anonymous_17)
FNDA:0,(anonymous_18)
FNDA:0,(anonymous_19)
DA:5,0
DA:6,0
DA:7,0
DA:8,0
DA:9,0
DA:11,0
DA:12,0
DA:13,0
DA:15,0
DA:17,0
DA:18,0
DA:20,0
DA:24,0
DA:25,0
DA:26,0
DA:27,0
DA:32,0
DA:33,0
DA:34,0
DA:36,0
DA:37,0
DA:39,0
DA:43,0
DA:44,0
DA:45,0
DA:46,0
DA:51,0
DA:52,0
DA:53,0
DA:55,0
DA:56,0
DA:58,0
DA:60,0
DA:61,0
DA:63,0
DA:67,0
DA:69,0
DA:76,0
DA:77,0
DA:88,0
DA:96,0
DA:97,0
DA:109,0
LF:43
LH:0
BRDA:15,0,0,0
BRDA:15,0,1,0
BRDA:20,1,0,0
BRDA:20,1,1,0
BRDA:33,2,0,0
BRDA:33,2,1,0
BRDA:39,3,0,0
BRDA:39,3,1,0
BRDA:58,4,0,0
BRDA:58,4,1,0
BRDA:63,5,0,0
BRDA:63,5,1,0
BRDA:67,6,0,0
BRDA:67,6,1,0
BRDA:67,7,0,0
BRDA:67,7,1,0
BRDA:94,8,0,0
BRDA:94,8,1,0
BRF:18
BRH:0
end_of_record
TN:
SF:components\FloatingPreviewWindow.tsx
FN:8,downloadFile
FN:28,FloatingPreviewWindow
FN:43,onMouseDown
FN:50,onMouseMove
FN:58,onMouseUp
FN:61,(anonymous_5)
FN:69,(anonymous_6)
FN:76,handleFileChange
FN:90,handleYoutubeChange
FN:97,handleBrowserChange
FN:104,handleTextEdit
FN:110,handleDownload
FN:120,(anonymous_12)
FN:124,(anonymous_13)
FN:128,(anonymous_14)
FN:133,(anonymous_15)
FN:158,(anonymous_16)
FN:159,(anonymous_17)
FN:171,(anonymous_18)
FN:172,(anonymous_19)
FNF:20
FNH:0
FNDA:0,downloadFile
FNDA:0,FloatingPreviewWindow
FNDA:0,onMouseDown
FNDA:0,onMouseMove
FNDA:0,onMouseUp
FNDA:0,(anonymous_5)
FNDA:0,(anonymous_6)
FNDA:0,handleFileChange
FNDA:0,handleYoutubeChange
FNDA:0,handleBrowserChange
FNDA:0,handleTextEdit
FNDA:0,handleDownload
FNDA:0,(anonymous_12)
FNDA:0,(anonymous_13)
FNDA:0,(anonymous_14)
FNDA:0,(anonymous_15)
FNDA:0,(anonymous_16)
FNDA:0,(anonymous_17)
FNDA:0,(anonymous_18)
FNDA:0,(anonymous_19)
DA:9,0
DA:10,0
DA:11,0
DA:12,0
DA:13,0
DA:14,0
DA:29,0
DA:30,0
DA:31,0
DA:32,0
DA:33,0
DA:34,0
DA:35,0
DA:36,0
DA:37,0
DA:38,0
DA:39,0
DA:40,0
DA:44,0
DA:45,0
DA:51,0
DA:52,0
DA:59,0
DA:61,0
DA:62,0
DA:63,0
DA:64,0
DA:66,0
DA:67,0
DA:69,0
DA:70,0
DA:71,0
DA:77,0
DA:78,0
DA:79,0
DA:80,0
DA:81,0
DA:82,0
DA:83,0
DA:84,0
DA:85,0
DA:86,0
DA:91,0
DA:92,0
DA:96,0
DA:98,0
DA:99,0
DA:103,0
DA:105,0
DA:106,0
DA:111,0
DA:112,0
DA:113,0
DA:114,0
DA:116,0
DA:120,0
DA:121,0
DA:124,0
DA:125,0
DA:128,0
DA:129,0
DA:132,0
DA:133,0
DA:136,0
DA:158,0
DA:159,0
DA:171,0
DA:172,0
LF:68
LH:0
BRDA:51,0,0,0
BRDA:51,0,1,0
BRDA:62,1,0,0
BRDA:62,1,1,0
BRDA:78,2,0,0
BRDA:78,2,1,0
BRDA:80,3,0,0
BRDA:80,3,1,0
BRDA:81,4,0,0
BRDA:81,4,1,0
BRDA:82,5,0,0
BRDA:82,5,1,0
BRDA:83,6,0,0
BRDA:83,6,1,0
BRDA:84,7,0,0
BRDA:84,7,1,0
BRDA:84,8,0,0
BRDA:84,8,1,0
BRDA:111,9,0,0
BRDA:111,9,1,0
BRDA:111,10,0,0
BRDA:111,10,1,0
BRDA:112,11,0,0
BRDA:112,11,1,0
BRDA:112,12,0,0
BRDA:112,12,1,0
BRDA:114,13,0,0
BRDA:114,13,1,0
BRDA:132,14,0,0
BRDA:132,14,1,0
BRDA:137,15,0,0
BRDA:137,15,1,0
BRDA:150,16,0,0
BRDA:150,16,1,0
BRDA:152,17,0,0
BRDA:152,17,1,0
BRDA:162,18,0,0
BRDA:162,18,1,0
BRDA:165,19,0,0
BRDA:165,19,1,0
BRDA:177,20,0,0
BRDA:177,20,1,0
BRDA:194,21,0,0
BRDA:194,21,1,0
BRF:44
BRH:0
end_of_record
TN:
SF:components\GitStatus.tsx
FN:4,GitStatus
FN:9,(anonymous_1)
FN:10,fetchGitInfo
FNF:3
FNH:0
FNDA:0,GitStatus
FNDA:0,(anonymous_1)
FNDA:0,fetchGitInfo
DA:5,0
DA:6,0
DA:7,0
DA:9,0
DA:11,0
DA:12,0
DA:13,0
DA:14,0
DA:15,0
DA:16,0
DA:17,0
DA:18,0
DA:19,0
DA:20,0
DA:22,0
DA:25,0
DA:28,0
LF:17
LH:0
BRDA:35,0,0,0
BRDA:35,0,1,0
BRDA:36,1,0,0
BRDA:36,1,1,0
BRDA:37,2,0,0
BRDA:37,2,1,0
BRF:6
BRH:0
end_of_record
TN:
SF:components\GlobalCall.tsx
FN:3,(anonymous_0)
FN:9,(anonymous_1)
FN:11,(anonymous_2)
FN:12,(anonymous_3)
FN:14,(anonymous_4)
FN:18,(anonymous_5)
FN:20,(anonymous_6)
FN:30,(anonymous_7)
FN:33,(anonymous_8)
FN:44,(anonymous_9)
FNF:10
FNH:0
FNDA:0,(anonymous_0)
FNDA:0,(anonymous_1)
FNDA:0,(anonymous_2)
FNDA:0,(anonymous_3)
FNDA:0,(anonymous_4)
FNDA:0,(anonymous_5)
FNDA:0,(anonymous_6)
FNDA:0,(anonymous_7)
FNDA:0,(anonymous_8)
FNDA:0,(anonymous_9)
DA:3,0
DA:4,0
DA:5,0
DA:6,0
DA:7,0
DA:9,0
DA:10,0
DA:11,0
DA:12,0
DA:13,0
DA:14,0
DA:18,0
DA:19,0
DA:20,0
DA:23,0
DA:30,0
DA:33,0
DA:44,0
LF:18
LH:0
BRDA:39,0,0,0
BRDA:39,0,1,0
BRDA:40,1,0,0
BRDA:40,1,1,0
BRF:4
BRH:0
end_of_record
TN:
SF:components\GlobalFileTransfer.tsx
FN:3,(anonymous_0)
FN:8,(anonymous_1)
FN:14,(anonymous_2)
FN:17,(anonymous_3)
FN:29,(anonymous_4)
FNF:5
FNH:0
FNDA:0,(anonymous_0)
FNDA:0,(anonymous_1)
FNDA:0,(anonymous_2)
FNDA:0,(anonymous_3)
FNDA:0,(anonymous_4)
DA:3,0
DA:4,0
DA:5,0
DA:6,0
DA:8,0
DA:9,0
DA:10,0
DA:14,0
DA:15,0
DA:16,0
DA:17,0
DA:18,0
DA:22,0
DA:29,0
LF:14
LH:0
BRDA:9,0,0,0
BRDA:9,0,1,0
BRDA:9,1,0,0
BRDA:9,1,1,0
BRDA:15,2,0,0
BRDA:15,2,1,0
BRDA:15,3,0,0
BRDA:15,3,1,0
BRDA:37,4,0,0
BRDA:37,4,1,0
BRF:10
BRH:0
end_of_record
TN:
SF:components\GlobalMail.tsx
FN:3,(anonymous_0)
FN:9,(anonymous_1)
FN:11,(anonymous_2)
FN:21,(anonymous_3)
FN:28,(anonymous_4)
FN:34,(anonymous_5)
FNF:6
FNH:0
FNDA:0,(anonymous_0)
FNDA:0,(anonymous_1)
FNDA:0,(anonymous_2)
FNDA:0,(anonymous_3)
FNDA:0,(anonymous_4)
FNDA:0,(anonymous_5)
DA:3,0
DA:4,0
DA:5,0
DA:6,0
DA:7,0
DA:9,0
DA:10,0
DA:11,0
DA:14,0
DA:21,0
DA:28,0
DA:34,0
LF:12
LH:0
BRDA:38,0,0,0
BRDA:38,0,1,0
BRDA:38,0,2,0
BRDA:38,0,3,0
BRDA:39,1,0,0
BRDA:39,1,1,0
BRDA:42,2,0,0
BRDA:42,2,1,0
BRF:8
BRH:0
end_of_record
TN:
SF:components\GlobalVideoCall.tsx
FN:3,(anonymous_0)
FN:8,(anonymous_1)
FN:10,(anonymous_2)
FN:11,(anonymous_3)
FN:13,(anonymous_4)
FN:17,(anonymous_5)
FN:19,(anonymous_6)
FN:29,(anonymous_7)
FN:37,(anonymous_8)
FNF:9
FNH:0
FNDA:0,(anonymous_0)
FNDA:0,(anonymous_1)
FNDA:0,(anonymous_2)
FNDA:0,(anonymous_3)
FNDA:0,(anonymous_4)
FNDA:0,(anonymous_5)
FNDA:0,(anonymous_6)
FNDA:0,(anonymous_7)
FNDA:0,(anonymous_8)
DA:3,0
DA:4,0
DA:5,0
DA:6,0
DA:8,0
DA:9,0
DA:10,0
DA:11,0
DA:12,0
DA:13,0
DA:17,0
DA:18,0
DA:19,0
DA:22,0
DA:29,0
DA:37,0
LF:16
LH:0
BRDA:32,0,0,0
BRDA:32,0,1,0
BRDA:33,1,0,0
BRDA:33,1,1,0
BRDA:39,2,0,0
BRDA:39,2,1,0
BRF:6
BRH:0
end_of_record
TN:
SF:components\HelpGuide.tsx
FN:33,HelpGuide
FN:35,(anonymous_1)
FN:53,(anonymous_2)
FN:61,(anonymous_3)
FN:69,(anonymous_4)
FN:102,(anonymous_5)
FNF:6
FNH:0
FNDA:0,HelpGuide
FNDA:0,(anonymous_1)
FNDA:0,(anonymous_2)
FNDA:0,(anonymous_3)
FNDA:0,(anonymous_4)
FNDA:0,(anonymous_5)
DA:7,0
DA:34,0
DA:35,0
DA:36,0
DA:38,0
DA:44,0
DA:53,0
DA:61,0
DA:69,0
DA:103,0
LF:10
LH:0
BRDA:36,0,0,0
BRDA:36,0,1,0
BRDA:51,1,0,0
BRDA:51,1,1,0
BRDA:59,2,0,0
BRDA:59,2,1,0
BRDA:67,3,0,0
BRDA:67,3,1,0
BRF:8
BRH:0
end_of_record
TN:
SF:components\LcSpaces.tsx
FN:12,(anonymous_0)
FNF:1
FNH:0
FNDA:0,(anonymous_0)
DA:3,0
DA:12,0
DA:14,0
DA:15,0
LF:4
LH:0
BRDA:14,0,0,0
BRDA:14,0,1,0
BRDA:14,1,0,0
BRDA:14,1,1,0
BRDA:14,1,2,0
BRDA:18,2,0,0
BRDA:18,2,1,0
BRF:7
BRH:0
end_of_record
TN:
SF:components\LeahWallet.tsx
FN:5,LeahWallet
FN:13,handleAddFunds
FN:15,(anonymous_2)
FN:16,(anonymous_3)
FN:33,(anonymous_4)
FN:40,(anonymous_5)
FN:48,(anonymous_6)
FNF:7
FNH:0
FNDA:0,LeahWallet
FNDA:0,handleAddFunds
FNDA:0,(anonymous_2)
FNDA:0,(anonymous_3)
FNDA:0,(anonymous_4)
FNDA:0,(anonymous_5)
FNDA:0,(anonymous_6)
DA:6,0
DA:7,0
DA:10,0
DA:11,0
DA:14,0
DA:15,0
DA:16,0
DA:17,0
DA:18,0
DA:21,0
DA:33,0
DA:40,0
DA:49,0
LF:13
LH:0
BRDA:14,0,0,0
BRDA:14,0,1,0
BRDA:50,1,0,0
BRDA:50,1,1,0
BRDA:51,2,0,0
BRDA:51,2,1,0
BRF:6
BRH:0
end_of_record
TN:
SF:components\LeahWalletPanel.tsx
FN:5,LeahWalletPanel
FN:14,handleAddFunds
FN:16,(anonymous_2)
FN:17,(anonymous_3)
FN:22,handleSpendFunds
FN:24,(anonymous_5)
FN:25,(anonymous_6)
FN:36,(anonymous_7)
FN:37,(anonymous_8)
FN:44,(anonymous_9)
FNF:10
FNH:0
FNDA:0,LeahWalletPanel
FNDA:0,handleAddFunds
FNDA:0,(anonymous_2)
FNDA:0,(anonymous_3)
FNDA:0,handleSpendFunds
FNDA:0,(anonymous_5)
FNDA:0,(anonymous_6)
FNDA:0,(anonymous_7)
FNDA:0,(anonymous_8)
FNDA:0,(anonymous_9)
DA:6,0
DA:7,0
DA:11,0
DA:12,0
DA:15,0
DA:16,0
DA:17,0
DA:18,0
DA:19,0
DA:23,0
DA:24,0
DA:25,0
DA:26,0
DA:27,0
DA:30,0
DA:36,0
DA:37,0
DA:45,0
LF:18
LH:0
BRDA:15,0,0,0
BRDA:15,0,1,0
BRDA:23,1,0,0
BRDA:23,1,1,0
BRDA:45,2,0,0
BRDA:45,2,1,0
BRDA:46,3,0,0
BRDA:46,3,1,0
BRF:8
BRH:0
end_of_record
TN:
SF:components\MapLocationPanel.tsx
FN:3,(anonymous_0)
FN:7,(anonymous_1)
FN:11,(anonymous_2)
FN:15,(anonymous_3)
FNF:4
FNH:0
FNDA:0,(anonymous_0)
FNDA:0,(anonymous_1)
FNDA:0,(anonymous_2)
FNDA:0,(anonymous_3)
DA:3,0
DA:4,0
DA:5,0
DA:7,0
DA:8,0
DA:9,0
DA:10,0
DA:12,0
DA:13,0
DA:16,0
DA:20,0
DA:24,0
LF:12
LH:0
BRDA:9,0,0,0
BRDA:9,0,1,0
BRDA:29,1,0,0
BRDA:29,1,1,0
BRF:4
BRH:0
end_of_record
TN:
SF:components\MasterContext.tsx
FN:14,MasterProvider
FN:17,hasPermission
FN:33,useMaster
FNF:3
FNH:0
FNDA:0,MasterProvider
FNDA:0,hasPermission
FNDA:0,useMaster
DA:12,0
DA:15,0
DA:16,0
DA:18,0
DA:19,0
DA:20,0
DA:21,0
DA:22,0
DA:24,0
DA:34,0
DA:35,0
DA:36,0
LF:12
LH:0
BRDA:18,0,0,0
BRDA:18,0,1,0
BRDA:19,1,0,0
BRDA:19,1,1,0
BRDA:19,2,0,0
BRDA:19,2,1,0
BRDA:20,3,0,0
BRDA:20,3,1,0
BRDA:20,4,0,0
BRDA:20,4,1,0
BRDA:20,4,2,0
BRDA:20,4,3,0
BRDA:21,5,0,0
BRDA:21,5,1,0
BRDA:21,6,0,0
BRDA:21,6,1,0
BRDA:35,7,0,0
BRDA:35,7,1,0
BRF:18
BRH:0
end_of_record
TN:
SF:components\MediaPreviewWindow.tsx
FN:5,MediaPreviewWindow
FN:9,handlePreview
FN:20,(anonymous_2)
FNF:3
FNH:0
FNDA:0,MediaPreviewWindow
FNDA:0,handlePreview
FNDA:0,(anonymous_2)
DA:6,0
DA:7,0
DA:10,0
DA:11,0
DA:14,0
DA:21,0
DA:22,0
DA:23,0
DA:24,0
DA:25,0
LF:10
LH:0
BRDA:22,0,0,0
BRDA:22,0,1,0
BRDA:22,1,0,0
BRDA:22,1,1,0
BRDA:23,2,0,0
BRDA:23,2,1,0
BRDA:23,3,0,0
BRDA:23,3,1,0
BRDA:24,4,0,0
BRDA:24,4,1,0
BRDA:25,5,0,0
BRDA:25,5,1,0
BRDA:29,6,0,0
BRDA:29,6,1,0
BRDA:29,6,2,0
BRDA:32,7,0,0
BRDA:32,7,1,0
BRDA:32,7,2,0
BRDA:35,8,0,0
BRDA:35,8,1,0
BRDA:35,8,2,0
BRDA:37,9,0,0
BRDA:37,9,1,0
BRF:23
BRH:0
end_of_record
TN:
SF:components\NotificationCenter.tsx
FN:6,NotificationCenter
FN:9,(anonymous_1)
FN:10,handleColabJobComplete
FN:11,(anonymous_3)
FN:17,(anonymous_4)
FN:27,(anonymous_5)
FNF:6
FNH:0
FNDA:0,NotificationCenter
FNDA:0,(anonymous_1)
FNDA:0,handleColabJobComplete
FNDA:0,(anonymous_3)
FNDA:0,(anonymous_4)
FNDA:0,(anonymous_5)
DA:7,0
DA:9,0
DA:11,0
DA:16,0
DA:17,0
DA:22,0
DA:28,0
LF:7
LH:0
BRDA:26,0,0,0
BRDA:26,0,1,0
BRDA:31,1,0,0
BRDA:31,1,1,0
BRF:4
BRH:0
end_of_record
TN:
SF:components\NotificationPanel.tsx
FN:7,(anonymous_0)
FN:11,(anonymous_1)
FN:23,(anonymous_2)
FN:26,(anonymous_3)
FN:38,(anonymous_4)
FNF:5
FNH:0
FNDA:0,(anonymous_0)
FNDA:0,(anonymous_1)
FNDA:0,(anonymous_2)
FNDA:0,(anonymous_3)
FNDA:0,(anonymous_4)
DA:7,0
DA:8,0
DA:9,0
DA:11,0
DA:12,0
DA:13,0
DA:14,0
DA:15,0
DA:16,0
DA:18,0
DA:20,0
DA:23,0
DA:24,0
DA:25,0
DA:26,0
DA:29,0
DA:39,0
LF:17
LH:0
BRDA:16,0,0,0
BRDA:16,0,1,0
BRDA:30,1,0,0
BRDA:30,1,1,0
BRDA:32,2,0,0
BRDA:32,2,1,0
BRDA:34,3,0,0
BRDA:34,3,1,0
BRDA:39,4,0,0
BRDA:39,4,1,0
BRDA:39,5,0,0
BRDA:39,5,1,0
BRF:12
BRH:0
end_of_record
TN:
SF:components\PreviewWindow.tsx
FN:5,PreviewWindow
FN:9,handleFileChange
FNF:2
FNH:0
FNDA:0,PreviewWindow
FNDA:0,handleFileChange
DA:6,0
DA:7,0
DA:10,0
DA:11,0
DA:12,0
DA:13,0
DA:14,0
DA:15,0
DA:16,0
DA:17,0
DA:20,0
LF:11
LH:0
BRDA:11,0,0,0
BRDA:11,0,1,0
BRDA:13,1,0,0
BRDA:13,1,1,0
BRDA:14,2,0,0
BRDA:14,2,1,0
BRDA:15,3,0,0
BRDA:15,3,1,0
BRDA:27,4,0,0
BRDA:27,4,1,0
BRDA:27,4,2,0
BRDA:28,5,0,0
BRDA:28,5,1,0
BRDA:28,5,2,0
BRDA:29,6,0,0
BRDA:29,6,1,0
BRDA:29,6,2,0
BRDA:30,7,0,0
BRDA:30,7,1,0
BRF:19
BRH:0
end_of_record
TN:
SF:components\PriceProductVerifier.tsx
FN:3,(anonymous_0)
FN:8,(anonymous_1)
FN:12,(anonymous_2)
FN:25,(anonymous_3)
FNF:4
FNH:0
FNDA:0,(anonymous_0)
FNDA:0,(anonymous_1)
FNDA:0,(anonymous_2)
FNDA:0,(anonymous_3)
DA:3,0
DA:4,0
DA:5,0
DA:6,0
DA:8,0
DA:9,0
DA:10,0
DA:12,0
DA:13,0
DA:14,0
DA:18,0
DA:25,0
LF:12
LH:0
BRDA:28,0,0,0
BRDA:28,0,1,0
BRDA:29,1,0,0
BRDA:29,1,1,0
BRF:4
BRH:0
end_of_record
TN:
SF:components\QAvatar.tsx
FN:63,(anonymous_0)
FN:81,(anonymous_1)
FN:132,(anonymous_2)
FN:138,(anonymous_3)
FN:149,(anonymous_4)
FN:158,(anonymous_5)
FN:165,(anonymous_6)
FN:183,(anonymous_7)
FN:190,(anonymous_8)
FN:195,(anonymous_9)
FN:195,(anonymous_10)
FN:196,(anonymous_11)
FN:196,(anonymous_12)
FN:197,(anonymous_13)
FN:197,(anonymous_14)
FN:198,(anonymous_15)
FN:198,(anonymous_16)
FN:199,(anonymous_17)
FN:199,(anonymous_18)
FN:201,(anonymous_19)
FN:203,(anonymous_20)
FN:203,(anonymous_21)
FN:205,(anonymous_22)
FN:207,(anonymous_23)
FN:207,(anonymous_24)
FN:209,(anonymous_25)
FN:221,(anonymous_26)
FN:225,(anonymous_27)
FN:233,(anonymous_28)
FN:240,(anonymous_29)
FN:242,(anonymous_30)
FN:244,(anonymous_31)
FN:246,(anonymous_32)
FN:253,(anonymous_33)
FN:254,(anonymous_34)
FN:258,(anonymous_35)
FN:262,(anonymous_36)
FN:267,(anonymous_37)
FN:281,(anonymous_38)
FN:289,(anonymous_39)
FN:293,(anonymous_40)
FN:301,(anonymous_41)
FN:306,(anonymous_42)
FN:311,(anonymous_43)
FN:319,(anonymous_44)
FN:332,(anonymous_45)
FN:342,(anonymous_46)
FN:351,(anonymous_47)
FN:355,(anonymous_48)
FN:359,(anonymous_49)
FN:367,(anonymous_50)
FN:371,(anonymous_51)
FN:387,(anonymous_52)
FN:391,(anonymous_53)
FN:408,(anonymous_54)
FN:433,(anonymous_55)
FN:459,(anonymous_56)
FN:478,(anonymous_57)
FN:482,(anonymous_58)
FN:499,(anonymous_59)
FN:574,(anonymous_60)
FN:594,(anonymous_61)
FN:594,(anonymous_62)
FN:614,(anonymous_63)
FN:614,(anonymous_64)
FN:636,(anonymous_65)
FN:636,(anonymous_66)
FN:655,(anonymous_67)
FN:655,(anonymous_68)
FN:671,(anonymous_69)
FN:671,(anonymous_70)
FN:690,(anonymous_71)
FN:690,(anonymous_72)
FN:705,(anonymous_73)
FN:705,(anonymous_74)
FN:712,(anonymous_75)
FN:712,(anonymous_76)
FN:719,(anonymous_77)
FN:719,(anonymous_78)
FN:726,(anonymous_79)
FN:726,(anonymous_80)
FN:733,(anonymous_81)
FN:733,(anonymous_82)
FN:740,(anonymous_83)
FN:740,(anonymous_84)
FN:747,(anonymous_85)
FN:747,(anonymous_86)
FN:754,(anonymous_87)
FN:754,(anonymous_88)
FN:761,(anonymous_89)
FN:761,(anonymous_90)
FN:768,(anonymous_91)
FN:768,(anonymous_92)
FN:775,(anonymous_93)
FN:775,(anonymous_94)
FN:782,(anonymous_95)
FN:782,(anonymous_96)
FN:789,(anonymous_97)
FN:789,(anonymous_98)
FN:796,(anonymous_99)
FN:796,(anonymous_100)
FN:803,(anonymous_101)
FN:803,(anonymous_102)
FN:840,(anonymous_103)
FN:844,(anonymous_104)
FN:852,(anonymous_105)
FN:860,(anonymous_106)
FN:868,(anonymous_107)
FN:876,(anonymous_108)
FN:884,(anonymous_109)
FN:892,(anonymous_110)
FN:900,(anonymous_111)
FN:908,(anonymous_112)
FN:923,(anonymous_113)
FN:933,(anonymous_114)
FN:948,(anonymous_115)
FN:950,fetchStatus
FN:961,(anonymous_117)
FN:966,(anonymous_118)
FN:971,(anonymous_119)
FN:976,(anonymous_120)
FN:979,(anonymous_121)
FN:984,clearHistory
FN:994,togglePin
FN:996,(anonymous_124)
FN:1001,maskCommand
FN:1006,auditLog
FN:1011,handleRunCommand
FN:1020,confirmRun
FN:1027,cancelRun
FN:1033,runCommandWithLogs
FN:1073,(anonymous_131)
FN:1079,(anonymous_132)
FN:1081,(anonymous_133)
FN:1099,(anonymous_134)
FN:1100,fetchDevices
FN:1105,(anonymous_136)
FN:1114,fillTemplate
FN:1115,(anonymous_138)
FN:1118,(anonymous_139)
FN:1140,(anonymous_140)
FN:1147,(anonymous_141)
FN:1155,(anonymous_142)
FN:1161,(anonymous_143)
FN:1167,(anonymous_144)
FN:1180,(anonymous_145)
FN:1192,(anonymous_146)
FN:1199,(anonymous_147)
FN:1200,(anonymous_148)
FN:1204,(anonymous_149)
FN:1205,(anonymous_150)
FN:1210,(anonymous_151)
FN:1211,(anonymous_152)
FN:1211,(anonymous_153)
FN:1215,(anonymous_154)
FN:1216,(anonymous_155)
FN:1224,(anonymous_156)
FN:1225,(anonymous_157)
FN:1233,(anonymous_158)
FN:1234,(anonymous_159)
FN:1237,(anonymous_160)
FN:1255,(anonymous_161)
FN:1276,(anonymous_162)
FN:1282,(anonymous_163)
FN:1321,completeOnboarding
FN:1327,exportSettings
FN:1355,importSettings
FN:1359,(anonymous_167)
FN:1389,fetchAuditLogs
FN:1397,(anonymous_169)
FN:1427,(anonymous_170)
FN:1430,(anonymous_171)
FN:1432,(anonymous_172)
FN:1433,(anonymous_173)
FN:1433,(anonymous_174)
FN:1434,(anonymous_175)
FN:1434,(anonymous_176)
FN:1435,(anonymous_177)
FN:1435,(anonymous_178)
FN:1436,(anonymous_179)
FN:1436,(anonymous_180)
FN:1438,(anonymous_181)
FN:1439,(anonymous_182)
FN:1440,(anonymous_183)
FN:1457,(anonymous_184)
FN:1471,(anonymous_185)
FN:1471,(anonymous_186)
FN:1473,(anonymous_187)
FN:1473,(anonymous_188)
FN:1502,(anonymous_189)
FN:1502,(anonymous_190)
FN:1530,handleNotificationChange
FN:1531,(anonymous_192)
FN:1535,handleTestNotification
FN:1577,(anonymous_194)
FN:1589,(anonymous_195)
FN:1589,(anonymous_196)
FN:1597,(anonymous_197)
FN:1597,(anonymous_198)
FN:1613,(anonymous_199)
FN:1617,(anonymous_200)
FN:1622,(anonymous_201)
FN:1630,(anonymous_202)
FN:1638,(anonymous_203)
FN:1646,(anonymous_204)
FN:1652,(anonymous_205)
FN:1661,(anonymous_206)
FN:1696,(anonymous_207)
FN:1704,(anonymous_208)
FN:1712,(anonymous_209)
FN:1720,(anonymous_210)
FN:1731,(anonymous_211)
FN:1731,(anonymous_212)
FN:1732,(anonymous_213)
FN:1740,(anonymous_214)
FN:1749,(anonymous_215)
FNF:216
FNH:0
FNDA:0,(anonymous_0)
FNDA:0,(anonymous_1)
FNDA:0,(anonymous_2)
FNDA:0,(anonymous_3)
FNDA:0,(anonymous_4)
FNDA:0,(anonymous_5)
FNDA:0,(anonymous_6)
FNDA:0,(anonymous_7)
FNDA:0,(anonymous_8)
FNDA:0,(anonymous_9)
FNDA:0,(anonymous_10)
FNDA:0,(anonymous_11)
FNDA:0,(anonymous_12)
FNDA:0,(anonymous_13)
FNDA:0,(anonymous_14)
FNDA:0,(anonymous_15)
FNDA:0,(anonymous_16)
FNDA:0,(anonymous_17)
FNDA:0,(anonymous_18)
FNDA:0,(anonymous_19)
FNDA:0,(anonymous_20)
FNDA:0,(anonymous_21)
FNDA:0,(anonymous_22)
FNDA:0,(anonymous_23)
FNDA:0,(anonymous_24)
FNDA:0,(anonymous_25)
FNDA:0,(anonymous_26)
FNDA:0,(anonymous_27)
FNDA:0,(anonymous_28)
FNDA:0,(anonymous_29)
FNDA:0,(anonymous_30)
FNDA:0,(anonymous_31)
FNDA:0,(anonymous_32)
FNDA:0,(anonymous_33)
FNDA:0,(anonymous_34)
FNDA:0,(anonymous_35)
FNDA:0,(anonymous_36)
FNDA:0,(anonymous_37)
FNDA:0,(anonymous_38)
FNDA:0,(anonymous_39)
FNDA:0,(anonymous_40)
FNDA:0,(anonymous_41)
FNDA:0,(anonymous_42)
FNDA:0,(anonymous_43)
FNDA:0,(anonymous_44)
FNDA:0,(anonymous_45)
FNDA:0,(anonymous_46)
FNDA:0,(anonymous_47)
FNDA:0,(anonymous_48)
FNDA:0,(anonymous_49)
FNDA:0,(anonymous_50)
FNDA:0,(anonymous_51)
FNDA:0,(anonymous_52)
FNDA:0,(anonymous_53)
FNDA:0,(anonymous_54)
FNDA:0,(anonymous_55)
FNDA:0,(anonymous_56)
FNDA:0,(anonymous_57)
FNDA:0,(anonymous_58)
FNDA:0,(anonymous_59)
FNDA:0,(anonymous_60)
FNDA:0,(anonymous_61)
FNDA:0,(anonymous_62)
FNDA:0,(anonymous_63)
FNDA:0,(anonymous_64)
FNDA:0,(anonymous_65)
FNDA:0,(anonymous_66)
FNDA:0,(anonymous_67)
FNDA:0,(anonymous_68)
FNDA:0,(anonymous_69)
FNDA:0,(anonymous_70)
FNDA:0,(anonymous_71)
FNDA:0,(anonymous_72)
FNDA:0,(anonymous_73)
FNDA:0,(anonymous_74)
FNDA:0,(anonymous_75)
FNDA:0,(anonymous_76)
FNDA:0,(anonymous_77)
FNDA:0,(anonymous_78)
FNDA:0,(anonymous_79)
FNDA:0,(anonymous_80)
FNDA:0,(anonymous_81)
FNDA:0,(anonymous_82)
FNDA:0,(anonymous_83)
FNDA:0,(anonymous_84)
FNDA:0,(anonymous_85)
FNDA:0,(anonymous_86)
FNDA:0,(anonymous_87)
FNDA:0,(anonymous_88)
FNDA:0,(anonymous_89)
FNDA:0,(anonymous_90)
FNDA:0,(anonymous_91)
FNDA:0,(anonymous_92)
FNDA:0,(anonymous_93)
FNDA:0,(anonymous_94)
FNDA:0,(anonymous_95)
FNDA:0,(anonymous_96)
FNDA:0,(anonymous_97)
FNDA:0,(anonymous_98)
FNDA:0,(anonymous_99)
FNDA:0,(anonymous_100)
FNDA:0,(anonymous_101)
FNDA:0,(anonymous_102)
FNDA:0,(anonymous_103)
FNDA:0,(anonymous_104)
FNDA:0,(anonymous_105)
FNDA:0,(anonymous_106)
FNDA:0,(anonymous_107)
FNDA:0,(anonymous_108)
FNDA:0,(anonymous_109)
FNDA:0,(anonymous_110)
FNDA:0,(anonymous_111)
FNDA:0,(anonymous_112)
FNDA:0,(anonymous_113)
FNDA:0,(anonymous_114)
FNDA:0,(anonymous_115)
FNDA:0,fetchStatus
FNDA:0,(anonymous_117)
FNDA:0,(anonymous_118)
FNDA:0,(anonymous_119)
FNDA:0,(anonymous_120)
FNDA:0,(anonymous_121)
FNDA:0,clearHistory
FNDA:0,togglePin
FNDA:0,(anonymous_124)
FNDA:0,maskCommand
FNDA:0,auditLog
FNDA:0,handleRunCommand
FNDA:0,confirmRun
FNDA:0,cancelRun
FNDA:0,runCommandWithLogs
FNDA:0,(anonymous_131)
FNDA:0,(anonymous_132)
FNDA:0,(anonymous_133)
FNDA:0,(anonymous_134)
FNDA:0,fetchDevices
FNDA:0,(anonymous_136)
FNDA:0,fillTemplate
FNDA:0,(anonymous_138)
FNDA:0,(anonymous_139)
FNDA:0,(anonymous_140)
FNDA:0,(anonymous_141)
FNDA:0,(anonymous_142)
FNDA:0,(anonymous_143)
FNDA:0,(anonymous_144)
FNDA:0,(anonymous_145)
FNDA:0,(anonymous_146)
FNDA:0,(anonymous_147)
FNDA:0,(anonymous_148)
FNDA:0,(anonymous_149)
FNDA:0,(anonymous_150)
FNDA:0,(anonymous_151)
FNDA:0,(anonymous_152)
FNDA:0,(anonymous_153)
FNDA:0,(anonymous_154)
FNDA:0,(anonymous_155)
FNDA:0,(anonymous_156)
FNDA:0,(anonymous_157)
FNDA:0,(anonymous_158)
FNDA:0,(anonymous_159)
FNDA:0,(anonymous_160)
FNDA:0,(anonymous_161)
FNDA:0,(anonymous_162)
FNDA:0,(anonymous_163)
FNDA:0,completeOnboarding
FNDA:0,exportSettings
FNDA:0,importSettings
FNDA:0,(anonymous_167)
FNDA:0,fetchAuditLogs
FNDA:0,(anonymous_169)
FNDA:0,(anonymous_170)
FNDA:0,(anonymous_171)
FNDA:0,(anonymous_172)
FNDA:0,(anonymous_173)
FNDA:0,(anonymous_174)
FNDA:0,(anonymous_175)
FNDA:0,(anonymous_176)
FNDA:0,(anonymous_177)
FNDA:0,(anonymous_178)
FNDA:0,(anonymous_179)
FNDA:0,(anonymous_180)
FNDA:0,(anonymous_181)
FNDA:0,(anonymous_182)
FNDA:0,(anonymous_183)
FNDA:0,(anonymous_184)
FNDA:0,(anonymous_185)
FNDA:0,(anonymous_186)
FNDA:0,(anonymous_187)
FNDA:0,(anonymous_188)
FNDA:0,(anonymous_189)
FNDA:0,(anonymous_190)
FNDA:0,handleNotificationChange
FNDA:0,(anonymous_192)
FNDA:0,handleTestNotification
FNDA:0,(anonymous_194)
FNDA:0,(anonymous_195)
FNDA:0,(anonymous_196)
FNDA:0,(anonymous_197)
FNDA:0,(anonymous_198)
FNDA:0,(anonymous_199)
FNDA:0,(anonymous_200)
FNDA:0,(anonymous_201)
FNDA:0,(anonymous_202)
FNDA:0,(anonymous_203)
FNDA:0,(anonymous_204)
FNDA:0,(anonymous_205)
FNDA:0,(anonymous_206)
FNDA:0,(anonymous_207)
FNDA:0,(anonymous_208)
FNDA:0,(anonymous_209)
FNDA:0,(anonymous_210)
FNDA:0,(anonymous_211)
FNDA:0,(anonymous_212)
FNDA:0,(anonymous_213)
FNDA:0,(anonymous_214)
FNDA:0,(anonymous_215)
DA:63,0
DA:64,0
DA:81,0
DA:90,0
DA:123,0
DA:124,0
DA:125,0
DA:126,0
DA:127,0
DA:128,0
DA:130,0
DA:131,0
DA:132,0
DA:133,0
DA:134,0
DA:138,0
DA:139,0
DA:140,0
DA:143,0
DA:144,0
DA:145,0
DA:146,0
DA:149,0
DA:150,0
DA:151,0
DA:153,0
DA:158,0
DA:159,0
DA:160,0
DA:162,0
DA:165,0
DA:166,0
DA:167,0
DA:169,0
DA:172,0
DA:173,0
DA:174,0
DA:175,0
DA:179,0
DA:182,0
DA:183,0
DA:186,0
DA:187,0
DA:190,0
DA:191,0
DA:194,0
DA:195,0
DA:196,0
DA:197,0
DA:198,0
DA:199,0
DA:201,0
DA:203,0
DA:205,0
DA:207,0
DA:209,0
DA:213,0
DA:214,0
DA:217,0
DA:221,0
DA:222,0
DA:223,0
DA:225,0
DA:226,0
DA:227,0
DA:233,0
DA:234,0
DA:236,0
DA:239,0
DA:240,0
DA:241,0
DA:242,0
DA:243,0
DA:244,0
DA:246,0
DA:250,0
DA:251,0
DA:253,0
DA:254,0
DA:258,0
DA:259,0
DA:260,0
DA:261,0
DA:262,0
DA:267,0
DA:268,0
DA:270,0
DA:274,0
DA:278,0
DA:279,0
DA:281,0
DA:286,0
DA:289,0
DA:290,0
DA:291,0
DA:293,0
DA:294,0
DA:295,0
DA:301,0
DA:302,0
DA:306,0
DA:307,0
DA:308,0
DA:309,0
DA:310,0
DA:311,0
DA:313,0
DA:319,0
DA:320,0
DA:322,0
DA:323,0
DA:324,0
DA:325,0
DA:332,0
DA:333,0
DA:335,0
DA:336,0
DA:339,0
DA:340,0
DA:342,0
DA:351,0
DA:352,0
DA:355,0
DA:356,0
DA:357,0
DA:358,0
DA:359,0
DA:360,0
DA:361,0
DA:367,0
DA:368,0
DA:371,0
DA:372,0
DA:373,0
DA:374,0
DA:375,0
DA:376,0
DA:377,0
DA:378,0
DA:379,0
DA:380,0
DA:381,0
DA:382,0
DA:387,0
DA:388,0
DA:389,0
DA:392,0
DA:405,0
DA:406,0
DA:409,0
DA:422,0
DA:423,0
DA:429,0
DA:433,0
DA:434,0
DA:459,0
DA:460,0
DA:478,0
DA:479,0
DA:480,0
DA:483,0
DA:499,0
DA:500,0
DA:511,0
DA:513,0
DA:539,0
DA:574,0
DA:575,0
DA:594,0
DA:614,0
DA:636,0
DA:655,0
DA:671,0
DA:690,0
DA:705,0
DA:712,0
DA:719,0
DA:726,0
DA:733,0
DA:740,0
DA:747,0
DA:754,0
DA:761,0
DA:768,0
DA:775,0
DA:782,0
DA:789,0
DA:796,0
DA:803,0
DA:840,0
DA:844,0
DA:852,0
DA:860,0
DA:868,0
DA:876,0
DA:884,0
DA:892,0
DA:900,0
DA:908,0
DA:923,0
DA:933,0
DA:948,0
DA:951,0
DA:952,0
DA:953,0
DA:954,0
DA:958,0
DA:961,0
DA:962,0
DA:966,0
DA:967,0
DA:971,0
DA:972,0
DA:976,0
DA:977,0
DA:979,0
DA:980,0
DA:985,0
DA:986,0
DA:987,0
DA:988,0
DA:989,0
DA:990,0
DA:995,0
DA:996,0
DA:1002,0
DA:1007,0
DA:1012,0
DA:1013,0
DA:1014,0
DA:1015,0
DA:1017,0
DA:1021,0
DA:1022,0
DA:1023,0
DA:1024,0
DA:1028,0
DA:1029,0
DA:1034,0
DA:1035,0
DA:1036,0
DA:1037,0
DA:1038,0
DA:1046,0
DA:1047,0
DA:1048,0
DA:1049,0
DA:1050,0
DA:1052,0
DA:1053,0
DA:1054,0
DA:1055,0
DA:1057,0
DA:1058,0
DA:1059,0
DA:1060,0
DA:1061,0
DA:1062,0
DA:1063,0
DA:1064,0
DA:1065,0
DA:1066,0
DA:1067,0
DA:1068,0
DA:1069,0
DA:1070,0
DA:1071,0
DA:1073,0
DA:1077,0
DA:1078,0
DA:1079,0
DA:1081,0
DA:1082,0
DA:1084,0
DA:1085,0
DA:1090,0
DA:1096,0
DA:1099,0
DA:1101,0
DA:1102,0
DA:1103,0
DA:1104,0
DA:1105,0
DA:1109,0
DA:1115,0
DA:1118,0
DA:1119,0
DA:1140,0
DA:1148,0
DA:1156,0
DA:1167,0
DA:1180,0
DA:1192,0
DA:1199,0
DA:1200,0
DA:1205,0
DA:1211,0
DA:1216,0
DA:1225,0
DA:1234,0
DA:1237,0
DA:1255,0
DA:1276,0
DA:1283,0
DA:1285,0
DA:1286,0
DA:1287,0
DA:1288,0
DA:1289,0
DA:1290,0
DA:1291,0
DA:1292,0
DA:1293,0
DA:1322,0
DA:1323,0
DA:1328,0
DA:1329,0
DA:1330,0
DA:1339,0
DA:1340,0
DA:1341,0
DA:1342,0
DA:1343,0
DA:1344,0
DA:1346,0
DA:1347,0
DA:1348,0
DA:1349,0
DA:1350,0
DA:1351,0
DA:1352,0
DA:1353,0
DA:1356,0
DA:1357,0
DA:1358,0
DA:1359,0
DA:1360,0
DA:1361,0
DA:1362,0
DA:1363,0
DA:1364,0
DA:1365,0
DA:1366,0
DA:1367,0
DA:1368,0
DA:1369,0
DA:1371,0
DA:1374,0
DA:1378,0
DA:1379,0
DA:1380,0
DA:1381,0
DA:1382,0
DA:1383,0
DA:1384,0
DA:1385,0
DA:1386,0
DA:1390,0
DA:1391,0
DA:1392,0
DA:1393,0
DA:1397,0
DA:1399,0
DA:1402,0
DA:1403,0
DA:1404,0
DA:1406,0
DA:1407,0
DA:1408,0
DA:1409,0
DA:1410,0
DA:1411,0
DA:1412,0
DA:1413,0
DA:1414,0
DA:1416,0
DA:1417,0
DA:1418,0
DA:1420,0
DA:1422,0
DA:1427,0
DA:1428,0
DA:1430,0
DA:1432,0
DA:1433,0
DA:1434,0
DA:1435,0
DA:1436,0
DA:1438,0
DA:1439,0
DA:1440,0
DA:1458,0
DA:1471,0
DA:1473,0
DA:1482,0
DA:1483,0
DA:1502,0
DA:1510,0
DA:1511,0
DA:1512,0
DA:1513,0
DA:1514,0
DA:1515,0
DA:1516,0
DA:1517,0
DA:1520,0
DA:1531,0
DA:1536,0
DA:1544,0
DA:1546,0
DA:1577,0
DA:1589,0
DA:1597,0
DA:1613,0
DA:1617,0
DA:1622,0
DA:1630,0
DA:1638,0
DA:1646,0
DA:1652,0
DA:1661,0
DA:1696,0
DA:1704,0
DA:1712,0
DA:1720,0
DA:1731,0
DA:1732,0
DA:1740,0
DA:1749,0
LF:429
LH:0
BRDA:82,0,0,0
BRDA:83,1,0,0
BRDA:84,2,0,0
BRDA:88,3,0,0
BRDA:134,4,0,0
BRDA:134,4,1,0
BRDA:138,5,0,0
BRDA:138,5,1,0
BRDA:151,6,0,0
BRDA:151,6,1,0
BRDA:160,7,0,0
BRDA:160,7,1,0
BRDA:167,8,0,0
BRDA:167,8,1,0
BRDA:191,9,0,0
BRDA:191,9,1,0
BRDA:222,10,0,0
BRDA:222,10,1,0
BRDA:226,11,0,0
BRDA:226,11,1,0
BRDA:234,12,0,0
BRDA:234,12,1,0
BRDA:239,13,0,0
BRDA:239,13,1,0
BRDA:239,14,0,0
BRDA:239,14,1,0
BRDA:241,15,0,0
BRDA:241,15,1,0
BRDA:241,16,0,0
BRDA:241,16,1,0
BRDA:243,17,0,0
BRDA:243,17,1,0
BRDA:243,18,0,0
BRDA:243,18,1,0
BRDA:259,19,0,0
BRDA:259,19,1,0
BRDA:268,20,0,0
BRDA:268,20,1,0
BRDA:268,21,0,0
BRDA:268,21,1,0
BRDA:270,22,0,0
BRDA:270,22,1,0
BRDA:271,23,0,0
BRDA:271,23,1,0
BRDA:272,24,0,0
BRDA:272,24,1,0
BRDA:274,25,0,0
BRDA:274,25,1,0
BRDA:275,26,0,0
BRDA:275,26,1,0
BRDA:276,27,0,0
BRDA:276,27,1,0
BRDA:290,28,0,0
BRDA:290,28,1,0
BRDA:290,29,0,0
BRDA:290,29,1,0
BRDA:294,30,0,0
BRDA:294,30,1,0
BRDA:308,31,0,0
BRDA:308,31,1,0
BRDA:320,32,0,0
BRDA:320,32,1,0
BRDA:324,33,0,0
BRDA:324,33,1,0
BRDA:333,34,0,0
BRDA:333,34,1,0
BRDA:333,35,0,0
BRDA:333,35,1,0
BRDA:356,36,0,0
BRDA:356,36,1,0
BRDA:372,37,0,0
BRDA:372,37,1,0
BRDA:372,37,2,0
BRDA:372,37,3,0
BRDA:372,37,4,0
BRDA:372,37,5,0
BRDA:372,37,6,0
BRDA:372,37,7,0
BRDA:372,37,8,0
BRDA:372,37,9,0
BRDA:388,38,0,0
BRDA:388,38,1,0
BRDA:405,39,0,0
BRDA:405,39,1,0
BRDA:422,40,0,0
BRDA:422,40,1,0
BRDA:436,41,0,0
BRDA:436,41,1,0
BRDA:441,42,0,0
BRDA:441,42,1,0
BRDA:441,42,2,0
BRDA:448,43,0,0
BRDA:448,43,1,0
BRDA:462,44,0,0
BRDA:462,44,1,0
BRDA:465,45,0,0
BRDA:465,45,1,0
BRDA:468,46,0,0
BRDA:468,46,1,0
BRDA:479,47,0,0
BRDA:479,47,1,0
BRDA:511,48,0,0
BRDA:511,48,1,0
BRDA:522,49,0,0
BRDA:522,49,1,0
BRDA:530,50,0,0
BRDA:530,50,1,0
BRDA:548,51,0,0
BRDA:548,51,1,0
BRDA:562,52,0,0
BRDA:562,52,1,0
BRDA:576,53,0,0
BRDA:576,53,1,0
BRDA:810,54,0,0
BRDA:810,54,1,0
BRDA:811,55,0,0
BRDA:811,55,1,0
BRDA:813,56,0,0
BRDA:813,56,1,0
BRDA:814,57,0,0
BRDA:814,57,1,0
BRDA:820,58,0,0
BRDA:820,58,1,0
BRDA:823,59,0,0
BRDA:823,59,1,0
BRDA:826,60,0,0
BRDA:826,60,1,0
BRDA:829,61,0,0
BRDA:829,61,1,0
BRDA:861,62,0,0
BRDA:861,62,1,0
BRDA:885,63,0,0
BRDA:885,63,1,0
BRDA:909,64,0,0
BRDA:909,64,1,0
BRDA:953,65,0,0
BRDA:953,65,1,0
BRDA:958,66,0,0
BRDA:958,66,1,0
BRDA:995,67,0,0
BRDA:995,67,1,0
BRDA:1002,68,0,0
BRDA:1002,68,1,0
BRDA:1013,69,0,0
BRDA:1013,69,1,0
BRDA:1022,70,0,0
BRDA:1022,70,1,0
BRDA:1046,71,0,0
BRDA:1046,71,1,0
BRDA:1052,72,0,0
BRDA:1052,72,1,0
BRDA:1062,73,0,0
BRDA:1062,73,1,0
BRDA:1065,74,0,0
BRDA:1065,74,1,0
BRDA:1067,75,0,0
BRDA:1067,75,1,0
BRDA:1069,76,0,0
BRDA:1069,76,1,0
BRDA:1078,77,0,0
BRDA:1078,77,1,0
BRDA:1078,78,0,0
BRDA:1078,78,1,0
BRDA:1078,78,2,0
BRDA:1081,79,0,0
BRDA:1081,79,1,0
BRDA:1103,80,0,0
BRDA:1103,80,1,0
BRDA:1105,81,0,0
BRDA:1105,81,1,0
BRDA:1109,82,0,0
BRDA:1109,82,1,0
BRDA:1115,83,0,0
BRDA:1115,83,1,0
BRDA:1120,84,0,0
BRDA:1120,84,1,0
BRDA:1146,85,0,0
BRDA:1146,85,1,0
BRDA:1152,86,0,0
BRDA:1152,86,1,0
BRDA:1155,87,0,0
BRDA:1155,87,1,0
BRDA:1171,88,0,0
BRDA:1171,88,1,0
BRDA:1172,89,0,0
BRDA:1172,89,1,0
BRDA:1186,90,0,0
BRDA:1186,90,1,0
BRDA:1187,91,0,0
BRDA:1187,91,1,0
BRDA:1190,92,0,0
BRDA:1190,92,1,0
BRDA:1192,93,0,0
BRDA:1192,93,1,0
BRDA:1192,94,0,0
BRDA:1192,94,1,0
BRDA:1193,95,0,0
BRDA:1193,95,1,0
BRDA:1222,96,0,0
BRDA:1222,96,1,0
BRDA:1231,97,0,0
BRDA:1231,97,1,0
BRDA:1234,98,0,0
BRDA:1234,98,1,0
BRDA:1234,99,0,0
BRDA:1234,99,1,0
BRDA:1236,100,0,0
BRDA:1236,100,1,0
BRDA:1237,101,0,0
BRDA:1237,101,1,0
BRDA:1243,102,0,0
BRDA:1243,102,1,0
BRDA:1261,103,0,0
BRDA:1261,103,1,0
BRDA:1281,104,0,0
BRDA:1281,104,1,0
BRDA:1283,105,0,0
BRDA:1283,105,1,0
BRDA:1288,106,0,0
BRDA:1288,106,1,0
BRDA:1288,107,0,0
BRDA:1288,107,1,0
BRDA:1291,108,0,0
BRDA:1291,108,1,0
BRDA:1291,109,0,0
BRDA:1291,109,1,0
BRDA:1329,110,0,0
BRDA:1329,110,1,0
BRDA:1339,111,0,0
BRDA:1339,111,1,0
BRDA:1341,112,0,0
BRDA:1341,112,1,0
BRDA:1343,113,0,0
BRDA:1343,113,1,0
BRDA:1357,114,0,0
BRDA:1357,114,1,0
BRDA:1362,115,0,0
BRDA:1362,115,1,0
BRDA:1362,116,0,0
BRDA:1362,116,1,0
BRDA:1362,117,0,0
BRDA:1362,117,1,0
BRDA:1363,118,0,0
BRDA:1363,118,1,0
BRDA:1363,119,0,0
BRDA:1363,119,1,0
BRDA:1363,120,0,0
BRDA:1363,120,1,0
BRDA:1364,121,0,0
BRDA:1364,121,1,0
BRDA:1364,122,0,0
BRDA:1364,122,1,0
BRDA:1365,123,0,0
BRDA:1365,123,1,0
BRDA:1365,124,0,0
BRDA:1365,124,1,0
BRDA:1366,125,0,0
BRDA:1366,125,1,0
BRDA:1366,126,0,0
BRDA:1366,126,1,0
BRDA:1367,127,0,0
BRDA:1367,127,1,0
BRDA:1367,128,0,0
BRDA:1367,128,1,0
BRDA:1368,129,0,0
BRDA:1368,129,1,0
BRDA:1368,130,0,0
BRDA:1368,130,1,0
BRDA:1368,131,0,0
BRDA:1368,131,1,0
BRDA:1402,132,0,0
BRDA:1402,132,1,0
BRDA:1403,133,0,0
BRDA:1403,133,1,0
BRDA:1417,134,0,0
BRDA:1417,134,1,0
BRDA:1418,135,0,0
BRDA:1418,135,1,0
BRDA:1420,136,0,0
BRDA:1420,136,1,0
BRDA:1442,137,0,0
BRDA:1442,137,1,0
BRDA:1442,138,0,0
BRDA:1442,138,1,0
BRDA:1465,139,0,0
BRDA:1465,139,1,0
BRDA:1482,140,0,0
BRDA:1482,140,1,0
BRDA:1591,141,0,0
BRDA:1591,141,1,0
BRDA:1669,142,0,0
BRDA:1669,142,1,0
BRDA:1675,143,0,0
BRDA:1675,143,1,0
BRDA:1680,144,0,0
BRDA:1680,144,1,0
BRDA:1690,145,0,0
BRDA:1690,145,1,0
BRDA:1691,146,0,0
BRDA:1691,146,1,0
BRDA:1692,147,0,0
BRDA:1692,147,1,0
BRDA:1700,148,0,0
BRDA:1700,148,1,0
BRDA:1708,149,0,0
BRDA:1708,149,1,0
BRDA:1716,150,0,0
BRDA:1716,150,1,0
BRDA:1724,151,0,0
BRDA:1724,151,1,0
BRDA:1730,152,0,0
BRDA:1730,152,1,0
BRDA:1731,153,0,0
BRDA:1731,153,1,0
BRDA:1731,154,0,0
BRDA:1731,154,1,0
BRDA:1736,155,0,0
BRDA:1736,155,1,0
BRDA:1744,156,0,0
BRDA:1744,156,1,0
BRF:320
BRH:0
end_of_record
TN:
SF:components\QCityErrorManager.tsx
FN:7,(anonymous_0)
FN:11,(anonymous_1)
FN:15,(anonymous_2)
FN:22,(anonymous_3)
FN:30,(anonymous_4)
FN:32,(anonymous_5)
FN:32,(anonymous_6)
FN:34,(anonymous_7)
FN:50,(anonymous_8)
FN:51,(anonymous_9)
FN:51,(anonymous_10)
FN:56,(anonymous_11)
FN:58,(anonymous_12)
FN:69,(anonymous_13)
FN:75,(anonymous_14)
FN:77,(anonymous_15)
FNF:16
FNH:0
FNDA:0,(anonymous_0)
FNDA:0,(anonymous_1)
FNDA:0,(anonymous_2)
FNDA:0,(anonymous_3)
FNDA:0,(anonymous_4)
FNDA:0,(anonymous_5)
FNDA:0,(anonymous_6)
FNDA:0,(anonymous_7)
FNDA:0,(anonymous_8)
FNDA:0,(anonymous_9)
FNDA:0,(anonymous_10)
FNDA:0,(anonymous_11)
FNDA:0,(anonymous_12)
FNDA:0,(anonymous_13)
FNDA:0,(anonymous_14)
FNDA:0,(anonymous_15)
DA:5,0
DA:7,0
DA:8,0
DA:9,0
DA:11,0
DA:12,0
DA:15,0
DA:17,0
DA:19,0
DA:23,0
DA:26,0
DA:30,0
DA:32,0
DA:34,0
DA:35,0
DA:45,0
DA:47,0
DA:50,0
DA:51,0
DA:54,0
DA:56,0
DA:59,0
DA:62,0
DA:65,0
DA:70,0
DA:75,0
DA:77,0
LF:27
LH:0
BRDA:9,0,0,0
BRDA:9,0,1,0
BRDA:12,1,0,0
BRDA:12,1,1,0
BRDA:17,2,0,0
BRDA:17,2,1,0
BRDA:23,3,0,0
BRDA:23,3,1,0
BRDA:32,4,0,0
BRDA:32,4,1,0
BRDA:35,5,0,0
BRDA:35,5,1,0
BRDA:36,6,0,0
BRDA:36,6,1,0
BRDA:36,6,2,0
BRDA:36,6,3,0
BRDA:36,6,4,0
BRDA:36,6,5,0
BRDA:36,6,6,0
BRDA:36,6,7,0
BRDA:59,7,0,0
BRDA:59,7,1,0
BRDA:74,8,0,0
BRDA:74,8,1,0
BRDA:81,9,0,0
BRDA:81,9,1,0
BRF:26
BRH:0
end_of_record
TN:
SF:components\QCityThemeProvider.tsx
FN:15,(anonymous_0)
FN:19,(anonymous_1)
FN:27,(anonymous_2)
FN:41,useQCityTheme
FNF:4
FNH:0
FNDA:0,(anonymous_0)
FNDA:0,(anonymous_1)
FNDA:0,(anonymous_2)
FNDA:0,useQCityTheme
DA:13,0
DA:15,0
DA:16,0
DA:17,0
DA:19,0
DA:21,0
DA:22,0
DA:23,0
DA:24,0
DA:27,0
DA:28,0
DA:29,0
DA:32,0
DA:42,0
DA:43,0
DA:44,0
LF:16
LH:0
BRDA:22,0,0,0
BRDA:22,0,1,0
BRDA:24,1,0,0
BRDA:24,1,1,0
BRDA:35,2,0,0
BRDA:35,2,1,0
BRDA:43,3,0,0
BRDA:43,3,1,0
BRF:8
BRH:0
end_of_record
TN:
SF:components\QConverse.tsx
FN:15,(anonymous_0)
FN:29,(anonymous_1)
FN:41,(anonymous_2)
FN:48,(anonymous_3)
FN:49,(anonymous_4)
FN:61,(anonymous_5)
FN:62,(anonymous_6)
FN:64,(anonymous_7)
FN:68,(anonymous_8)
FN:74,(anonymous_9)
FN:76,(anonymous_10)
FN:79,(anonymous_11)
FN:91,(anonymous_12)
FN:97,(anonymous_13)
FN:98,(anonymous_14)
FN:102,(anonymous_15)
FN:108,(anonymous_16)
FN:114,(anonymous_17)
FN:120,(anonymous_18)
FN:174,(anonymous_19)
FNF:20
FNH:0
FNDA:0,(anonymous_0)
FNDA:0,(anonymous_1)
FNDA:0,(anonymous_2)
FNDA:0,(anonymous_3)
FNDA:0,(anonymous_4)
FNDA:0,(anonymous_5)
FNDA:0,(anonymous_6)
FNDA:0,(anonymous_7)
FNDA:0,(anonymous_8)
FNDA:0,(anonymous_9)
FNDA:0,(anonymous_10)
FNDA:0,(anonymous_11)
FNDA:0,(anonymous_12)
FNDA:0,(anonymous_13)
FNDA:0,(anonymous_14)
FNDA:0,(anonymous_15)
FNDA:0,(anonymous_16)
FNDA:0,(anonymous_17)
FNDA:0,(anonymous_18)
FNDA:0,(anonymous_19)
DA:15,0
DA:20,0
DA:21,0
DA:22,0
DA:23,0
DA:24,0
DA:26,0
DA:27,0
DA:29,0
DA:30,0
DA:31,0
DA:33,0
DA:34,0
DA:35,0
DA:36,0
DA:41,0
DA:42,0
DA:44,0
DA:45,0
DA:46,0
DA:48,0
DA:49,0
DA:50,0
DA:51,0
DA:52,0
DA:53,0
DA:56,0
DA:57,0
DA:58,0
DA:61,0
DA:62,0
DA:63,0
DA:64,0
DA:68,0
DA:69,0
DA:70,0
DA:71,0
DA:74,0
DA:75,0
DA:76,0
DA:79,0
DA:80,0
DA:81,0
DA:86,0
DA:91,0
DA:92,0
DA:94,0
DA:95,0
DA:96,0
DA:97,0
DA:98,0
DA:99,0
DA:102,0
DA:103,0
DA:104,0
DA:108,0
DA:109,0
DA:110,0
DA:114,0
DA:115,0
DA:116,0
DA:117,0
DA:120,0
DA:121,0
DA:122,0
DA:124,0
DA:128,0
DA:174,0
LF:68
LH:0
BRDA:30,0,0,0
BRDA:30,0,1,0
BRDA:33,1,0,0
BRDA:33,1,1,0
BRDA:34,2,0,0
BRDA:34,2,1,0
BRDA:42,3,0,0
BRDA:42,3,1,0
BRDA:46,4,0,0
BRDA:46,4,1,0
BRDA:52,5,0,0
BRDA:52,5,1,0
BRDA:56,6,0,0
BRDA:56,6,1,0
BRDA:64,7,0,0
BRDA:64,7,1,0
BRDA:80,8,0,0
BRDA:80,8,1,0
BRDA:81,9,0,0
BRDA:81,9,1,0
BRDA:86,10,0,0
BRDA:86,10,1,0
BRDA:92,11,0,0
BRDA:92,11,1,0
BRDA:96,12,0,0
BRDA:96,12,1,0
BRDA:103,13,0,0
BRDA:103,13,1,0
BRDA:103,14,0,0
BRDA:103,14,1,0
BRDA:109,15,0,0
BRDA:109,15,1,0
BRDA:109,16,0,0
BRDA:109,16,1,0
BRDA:115,17,0,0
BRDA:115,17,1,0
BRDA:117,18,0,0
BRDA:117,18,1,0
BRDA:121,19,0,0
BRDA:121,19,1,0
BRDA:134,20,0,0
BRDA:134,20,1,0
BRDA:135,21,0,0
BRDA:135,21,1,0
BRDA:147,22,0,0
BRDA:147,22,1,0
BRDA:148,23,0,0
BRDA:148,23,1,0
BRDA:151,24,0,0
BRDA:151,24,1,0
BRDA:152,25,0,0
BRDA:152,25,1,0
BRDA:156,26,0,0
BRDA:156,26,1,0
BRDA:170,27,0,0
BRDA:170,27,1,0
BRF:56
BRH:0
end_of_record
TN:
SF:components\QFileManager.tsx
FN:25,(anonymous_0)
FN:35,(anonymous_1)
FNF:2
FNH:0
FNDA:0,(anonymous_0)
FNDA:0,(anonymous_1)
DA:7,0
DA:8,0
DA:9,0
DA:11,0
DA:12,0
DA:15,0
DA:26,0
DA:27,0
DA:32,0
DA:36,0
DA:37,0
DA:42,0
LF:12
LH:0
BRDA:15,0,0,0
BRDA:15,0,1,0
BRDA:26,1,0,0
BRDA:26,1,1,0
BRDA:26,2,0,0
BRDA:26,2,1,0
BRDA:32,3,0,0
BRDA:32,3,1,0
BRDA:32,4,0,0
BRDA:32,4,1,0
BRDA:36,5,0,0
BRDA:36,5,1,0
BRDA:36,6,0,0
BRDA:36,6,1,0
BRDA:42,7,0,0
BRDA:42,7,1,0
BRDA:42,8,0,0
BRDA:42,8,1,0
BRF:18
BRH:0
end_of_record
TN:
SF:components\QI.tsx
FN:153,(anonymous_0)
FN:158,(anonymous_1)
FN:162,(anonymous_2)
FN:166,(anonymous_3)
FN:174,(anonymous_4)
FN:192,isMasterOrSister
FN:204,QIComponent
FN:236,(anonymous_7)
FN:240,fetchData
FN:289,(anonymous_9)
FN:296,(anonymous_10)
FN:325,(anonymous_11)
FN:338,(anonymous_12)
FN:367,(anonymous_13)
FN:376,(anonymous_14)
FN:403,(anonymous_15)
FN:404,(anonymous_16)
FN:408,(anonymous_17)
FN:423,(anonymous_18)
FN:426,(anonymous_19)
FN:427,(anonymous_20)
FN:435,(anonymous_21)
FN:436,(anonymous_22)
FN:438,(anonymous_23)
FN:457,(anonymous_24)
FN:458,(anonymous_25)
FN:459,(anonymous_26)
FN:466,(anonymous_27)
FN:470,(anonymous_28)
FN:471,(anonymous_29)
FN:471,(anonymous_30)
FN:498,(anonymous_31)
FN:525,(anonymous_32)
FN:525,(anonymous_33)
FN:526,(anonymous_34)
FN:529,(anonymous_35)
FN:532,(anonymous_36)
FN:535,(anonymous_37)
FN:538,(anonymous_38)
FN:541,(anonymous_39)
FN:544,(anonymous_40)
FN:549,(anonymous_41)
FN:552,(anonymous_42)
FN:557,(anonymous_43)
FN:560,(anonymous_44)
FN:563,(anonymous_45)
FN:566,(anonymous_46)
FN:569,(anonymous_47)
FN:572,(anonymous_48)
FN:575,(anonymous_49)
FN:578,(anonymous_50)
FN:582,(anonymous_51)
FN:595,(anonymous_52)
FN:643,(anonymous_53)
FN:658,(anonymous_54)
FN:664,(anonymous_55)
FN:670,(anonymous_56)
FN:704,(anonymous_57)
FN:724,(anonymous_58)
FN:737,(anonymous_59)
FN:752,(anonymous_60)
FN:766,(anonymous_61)
FN:779,(anonymous_62)
FN:812,(anonymous_63)
FN:828,(anonymous_64)
FN:833,(anonymous_65)
FN:843,(anonymous_66)
FN:885,(anonymous_67)
FN:934,(anonymous_68)
FN:939,(anonymous_69)
FN:1020,(anonymous_70)
FN:1034,(anonymous_71)
FN:1035,(anonymous_72)
FN:1037,(anonymous_73)
FN:1038,(anonymous_74)
FN:1038,(anonymous_75)
FN:1038,(anonymous_76)
FN:1039,(anonymous_77)
FN:1039,(anonymous_78)
FN:1040,(anonymous_79)
FN:1043,(anonymous_80)
FN:1044,(anonymous_81)
FN:1046,(anonymous_82)
FN:1063,(anonymous_83)
FN:1093,(anonymous_84)
FN:1097,(anonymous_85)
FN:1101,(anonymous_86)
FN:1106,(anonymous_87)
FN:1208,(anonymous_88)
FN:1213,(anonymous_89)
FN:1213,(anonymous_90)
FN:1221,(anonymous_91)
FN:1221,(anonymous_92)
FN:1232,(anonymous_93)
FN:1241,(anonymous_94)
FN:1250,(anonymous_95)
FN:1256,(anonymous_96)
FN:1256,(anonymous_97)
FN:1266,(anonymous_98)
FN:1273,(anonymous_99)
FNF:100
FNH:0
FNDA:0,(anonymous_0)
FNDA:0,(anonymous_1)
FNDA:0,(anonymous_2)
FNDA:0,(anonymous_3)
FNDA:0,(anonymous_4)
FNDA:0,isMasterOrSister
FNDA:0,QIComponent
FNDA:0,(anonymous_7)
FNDA:0,fetchData
FNDA:0,(anonymous_9)
FNDA:0,(anonymous_10)
FNDA:0,(anonymous_11)
FNDA:0,(anonymous_12)
FNDA:0,(anonymous_13)
FNDA:0,(anonymous_14)
FNDA:0,(anonymous_15)
FNDA:0,(anonymous_16)
FNDA:0,(anonymous_17)
FNDA:0,(anonymous_18)
FNDA:0,(anonymous_19)
FNDA:0,(anonymous_20)
FNDA:0,(anonymous_21)
FNDA:0,(anonymous_22)
FNDA:0,(anonymous_23)
FNDA:0,(anonymous_24)
FNDA:0,(anonymous_25)
FNDA:0,(anonymous_26)
FNDA:0,(anonymous_27)
FNDA:0,(anonymous_28)
FNDA:0,(anonymous_29)
FNDA:0,(anonymous_30)
FNDA:0,(anonymous_31)
FNDA:0,(anonymous_32)
FNDA:0,(anonymous_33)
FNDA:0,(anonymous_34)
FNDA:0,(anonymous_35)
FNDA:0,(anonymous_36)
FNDA:0,(anonymous_37)
FNDA:0,(anonymous_38)
FNDA:0,(anonymous_39)
FNDA:0,(anonymous_40)
FNDA:0,(anonymous_41)
FNDA:0,(anonymous_42)
FNDA:0,(anonymous_43)
FNDA:0,(anonymous_44)
FNDA:0,(anonymous_45)
FNDA:0,(anonymous_46)
FNDA:0,(anonymous_47)
FNDA:0,(anonymous_48)
FNDA:0,(anonymous_49)
FNDA:0,(anonymous_50)
FNDA:0,(anonymous_51)
FNDA:0,(anonymous_52)
FNDA:0,(anonymous_53)
FNDA:0,(anonymous_54)
FNDA:0,(anonymous_55)
FNDA:0,(anonymous_56)
FNDA:0,(anonymous_57)
FNDA:0,(anonymous_58)
FNDA:0,(anonymous_59)
FNDA:0,(anonymous_60)
FNDA:0,(anonymous_61)
FNDA:0,(anonymous_62)
FNDA:0,(anonymous_63)
FNDA:0,(anonymous_64)
FNDA:0,(anonymous_65)
FNDA:0,(anonymous_66)
FNDA:0,(anonymous_67)
FNDA:0,(anonymous_68)
FNDA:0,(anonymous_69)
FNDA:0,(anonymous_70)
FNDA:0,(anonymous_71)
FNDA:0,(anonymous_72)
FNDA:0,(anonymous_73)
FNDA:0,(anonymous_74)
FNDA:0,(anonymous_75)
FNDA:0,(anonymous_76)
FNDA:0,(anonymous_77)
FNDA:0,(anonymous_78)
FNDA:0,(anonymous_79)
FNDA:0,(anonymous_80)
FNDA:0,(anonymous_81)
FNDA:0,(anonymous_82)
FNDA:0,(anonymous_83)
FNDA:0,(anonymous_84)
FNDA:0,(anonymous_85)
FNDA:0,(anonymous_86)
FNDA:0,(anonymous_87)
FNDA:0,(anonymous_88)
FNDA:0,(anonymous_89)
FNDA:0,(anonymous_90)
FNDA:0,(anonymous_91)
FNDA:0,(anonymous_92)
FNDA:0,(anonymous_93)
FNDA:0,(anonymous_94)
FNDA:0,(anonymous_95)
FNDA:0,(anonymous_96)
FNDA:0,(anonymous_97)
FNDA:0,(anonymous_98)
FNDA:0,(anonymous_99)
DA:154,0
DA:155,0
DA:159,0
DA:163,0
DA:167,0
DA:168,0
DA:174,0
DA:183,0
DA:188,0
DA:189,0
DA:193,0
DA:194,0
DA:195,0
DA:196,0
DA:198,0
DA:199,0
DA:205,0
DA:209,0
DA:211,0
DA:212,0
DA:213,0
DA:214,0
DA:215,0
DA:216,0
DA:217,0
DA:220,0
DA:221,0
DA:222,0
DA:223,0
DA:224,0
DA:225,0
DA:226,0
DA:227,0
DA:228,0
DA:230,0
DA:231,0
DA:232,0
DA:233,0
DA:236,0
DA:237,0
DA:241,0
DA:242,0
DA:243,0
DA:244,0
DA:246,0
DA:255,0
DA:256,0
DA:258,0
DA:263,0
DA:264,0
DA:265,0
DA:268,0
DA:269,0
DA:270,0
DA:271,0
DA:276,0
DA:277,0
DA:280,0
DA:281,0
DA:286,0
DA:287,0
DA:289,0
DA:290,0
DA:291,0
DA:296,0
DA:297,0
DA:298,0
DA:300,0
DA:305,0
DA:307,0
DA:313,0
DA:315,0
DA:316,0
DA:325,0
DA:326,0
DA:327,0
DA:332,0
DA:335,0
DA:336,0
DA:337,0
DA:338,0
DA:339,0
DA:340,0
DA:341,0
DA:342,0
DA:343,0
DA:344,0
DA:345,0
DA:346,0
DA:348,0
DA:349,0
DA:350,0
DA:351,0
DA:352,0
DA:353,0
DA:354,0
DA:357,0
DA:358,0
DA:367,0
DA:368,0
DA:369,0
DA:376,0
DA:377,0
DA:378,0
DA:385,0
DA:386,0
DA:387,0
DA:388,0
DA:389,0
DA:390,0
DA:391,0
DA:393,0
DA:394,0
DA:403,0
DA:404,0
DA:408,0
DA:409,0
DA:411,0
DA:414,0
DA:416,0
DA:418,0
DA:423,0
DA:424,0
DA:425,0
DA:426,0
DA:428,0
DA:429,0
DA:431,0
DA:435,0
DA:436,0
DA:437,0
DA:438,0
DA:439,0
DA:443,0
DA:450,0
DA:451,0
DA:452,0
DA:453,0
DA:454,0
DA:457,0
DA:458,0
DA:459,0
DA:466,0
DA:470,0
DA:471,0
DA:472,0
DA:479,0
DA:480,0
DA:481,0
DA:482,0
DA:483,0
DA:484,0
DA:485,0
DA:486,0
DA:489,0
DA:490,0
DA:491,0
DA:494,0
DA:495,0
DA:496,0
DA:498,0
DA:499,0
DA:500,0
DA:501,0
DA:502,0
DA:507,0
DA:508,0
DA:511,0
DA:513,0
DA:516,0
DA:518,0
DA:525,0
DA:526,0
DA:529,0
DA:532,0
DA:535,0
DA:538,0
DA:541,0
DA:544,0
DA:549,0
DA:552,0
DA:557,0
DA:560,0
DA:563,0
DA:566,0
DA:569,0
DA:572,0
DA:575,0
DA:578,0
DA:582,0
DA:595,0
DA:813,0
DA:834,0
DA:843,0
DA:940,0
DA:1020,0
DA:1034,0
DA:1035,0
DA:1037,0
DA:1038,0
DA:1039,0
DA:1040,0
DA:1043,0
DA:1044,0
DA:1046,0
DA:1064,0
DA:1093,0
DA:1097,0
DA:1101,0
DA:1106,0
DA:1208,0
DA:1213,0
DA:1221,0
DA:1222,0
DA:1233,0
DA:1241,0
DA:1250,0
DA:1256,0
DA:1266,0
DA:1274,0
LF:220
LH:0
BRDA:167,0,0,0
BRDA:167,0,1,0
BRDA:194,1,0,0
BRDA:194,1,1,0
BRDA:195,2,0,0
BRDA:195,2,1,0
BRDA:244,3,0,0
BRDA:244,3,1,0
BRDA:255,4,0,0
BRDA:255,4,1,0
BRDA:256,5,0,0
BRDA:256,5,1,0
BRDA:263,6,0,0
BRDA:263,6,1,0
BRDA:265,7,0,0
BRDA:265,7,1,0
BRDA:269,8,0,0
BRDA:269,8,1,0
BRDA:270,9,0,0
BRDA:270,9,1,0
BRDA:280,10,0,0
BRDA:280,10,1,0
BRDA:298,11,0,0
BRDA:298,11,1,0
BRDA:313,12,0,0
BRDA:313,12,1,0
BRDA:326,13,0,0
BRDA:326,13,1,0
BRDA:336,14,0,0
BRDA:336,14,1,0
BRDA:338,15,0,0
BRDA:338,15,1,0
BRDA:338,16,0,0
BRDA:338,16,1,0
BRDA:338,16,2,0
BRDA:338,17,0,0
BRDA:338,17,1,0
BRDA:409,18,0,0
BRDA:409,18,1,0
BRDA:409,18,2,0
BRDA:409,18,3,0
BRDA:409,18,4,0
BRDA:428,19,0,0
BRDA:428,19,1,0
BRDA:429,20,0,0
BRDA:429,20,1,0
BRDA:437,21,0,0
BRDA:437,21,1,0
BRDA:471,22,0,0
BRDA:471,22,1,0
BRDA:474,23,0,0
BRDA:474,23,1,0
BRDA:499,24,0,0
BRDA:499,24,1,0
BRDA:507,25,0,0
BRDA:507,25,1,0
BRDA:507,26,0,0
BRDA:507,26,1,0
BRDA:511,27,0,0
BRDA:511,27,1,0
BRDA:523,28,0,0
BRDA:523,28,1,0
BRDA:547,29,0,0
BRDA:547,29,1,0
BRDA:589,30,0,0
BRDA:589,30,1,0
BRDA:602,31,0,0
BRDA:602,31,1,0
BRDA:637,32,0,0
BRDA:637,32,1,0
BRDA:652,33,0,0
BRDA:652,33,1,0
BRDA:679,34,0,0
BRDA:679,34,1,0
BRDA:718,35,0,0
BRDA:718,35,1,0
BRDA:733,36,0,0
BRDA:733,36,1,0
BRDA:746,37,0,0
BRDA:746,37,1,0
BRDA:762,38,0,0
BRDA:762,38,1,0
BRDA:762,38,2,0
BRDA:775,39,0,0
BRDA:775,39,1,0
BRDA:775,39,2,0
BRDA:788,40,0,0
BRDA:788,40,1,0
BRDA:801,41,0,0
BRDA:801,41,1,0
BRDA:801,42,0,0
BRDA:801,42,1,0
BRDA:822,43,0,0
BRDA:822,43,1,0
BRDA:837,44,0,0
BRDA:837,44,1,0
BRDA:842,45,0,0
BRDA:842,45,1,0
BRDA:845,46,0,0
BRDA:845,46,1,0
BRDA:856,47,0,0
BRDA:856,47,1,0
BRDA:862,48,0,0
BRDA:862,48,1,0
BRDA:863,49,0,0
BRDA:863,49,1,0
BRDA:879,50,0,0
BRDA:879,50,1,0
BRDA:898,51,0,0
BRDA:898,51,1,0
BRDA:943,52,0,0
BRDA:943,52,1,0
BRDA:943,53,0,0
BRDA:943,53,1,0
BRDA:956,54,0,0
BRDA:956,54,1,0
BRDA:964,55,0,0
BRDA:964,55,1,0
BRDA:971,56,0,0
BRDA:971,56,1,0
BRDA:979,57,0,0
BRDA:979,57,1,0
BRDA:1006,58,0,0
BRDA:1006,58,1,0
BRDA:1013,59,0,0
BRDA:1013,59,1,0
BRDA:1029,60,0,0
BRDA:1029,60,1,0
BRDA:1036,61,0,0
BRDA:1036,61,1,0
BRDA:1037,62,0,0
BRDA:1037,62,1,0
BRDA:1038,63,0,0
BRDA:1038,63,1,0
BRDA:1039,64,0,0
BRDA:1039,64,1,0
BRDA:1065,65,0,0
BRDA:1065,65,1,0
BRDA:1066,66,0,0
BRDA:1066,66,1,0
BRDA:1068,67,0,0
BRDA:1068,67,1,0
BRDA:1068,67,2,0
BRDA:1075,68,0,0
BRDA:1075,68,1,0
BRDA:1112,69,0,0
BRDA:1112,69,1,0
BRDA:1122,70,0,0
BRDA:1122,70,1,0
BRDA:1126,71,0,0
BRDA:1126,71,1,0
BRDA:1130,72,0,0
BRDA:1130,72,1,0
BRDA:1135,73,0,0
BRDA:1135,73,1,0
BRDA:1141,74,0,0
BRDA:1141,74,1,0
BRDA:1147,75,0,0
BRDA:1147,75,1,0
BRDA:1157,76,0,0
BRDA:1157,76,1,0
BRDA:1163,77,0,0
BRDA:1163,77,1,0
BRDA:1168,78,0,0
BRDA:1168,78,1,0
BRDA:1169,79,0,0
BRDA:1169,79,1,0
BRDA:1171,80,0,0
BRDA:1171,80,1,0
BRDA:1181,81,0,0
BRDA:1181,81,1,0
BRDA:1182,82,0,0
BRDA:1182,82,1,0
BRDA:1188,83,0,0
BRDA:1188,83,1,0
BRDA:1188,84,0,0
BRDA:1188,84,1,0
BRDA:1189,85,0,0
BRDA:1189,85,1,0
BRDA:1196,86,0,0
BRDA:1196,86,1,0
BRDA:1196,87,0,0
BRDA:1196,87,1,0
BRDA:1197,88,0,0
BRDA:1197,88,1,0
BRDA:1203,89,0,0
BRDA:1203,89,1,0
BRDA:1213,90,0,0
BRDA:1213,90,1,0
BRDA:1214,91,0,0
BRDA:1214,91,1,0
BRDA:1223,92,0,0
BRDA:1223,92,1,0
BRDA:1223,92,2,0
BRDA:1231,93,0,0
BRDA:1231,93,1,0
BRDA:1233,94,0,0
BRDA:1233,94,1,0
BRDA:1234,95,0,0
BRDA:1234,95,1,0
BRDA:1248,96,0,0
BRDA:1248,96,1,0
BRDA:1255,97,0,0
BRDA:1255,97,1,0
BRDA:1257,98,0,0
BRDA:1257,98,1,0
BRDA:1260,99,0,0
BRDA:1260,99,1,0
BRDA:1280,100,0,0
BRDA:1280,100,1,0
BRF:210
BRH:0
end_of_record
TN:
SF:components\QIStateWindow.tsx
FN:6,QIStateWindow
FN:11,(anonymous_1)
FN:33,(anonymous_2)
FNF:3
FNH:0
FNDA:0,QIStateWindow
FNDA:0,(anonymous_1)
FNDA:0,(anonymous_2)
DA:3,0
DA:4,0
DA:7,0
DA:8,0
DA:11,0
DA:12,0
DA:20,0
DA:34,0
LF:8
LH:0
BRDA:7,0,0,0
BRDA:7,0,1,0
BRDA:23,1,0,0
BRDA:23,1,1,0
BRF:4
BRH:0
end_of_record
TN:
SF:components\QMOIAutoFixDashboard.tsx
FN:63,QMOIAutoFixDashboard
FN:72,(anonymous_1)
FN:85,(anonymous_2)
FN:104,(anonymous_3)
FN:115,(anonymous_4)
FN:121,(anonymous_5)
FN:123,(anonymous_6)
FN:127,(anonymous_7)
FN:140,(anonymous_8)
FN:153,(anonymous_9)
FN:171,(anonymous_10)
FN:176,(anonymous_11)
FN:182,(anonymous_12)
FN:186,(anonymous_13)
FN:188,(anonymous_14)
FN:192,(anonymous_15)
FN:196,(anonymous_16)
FN:211,(anonymous_17)
FN:379,(anonymous_18)
FN:434,(anonymous_19)
FN:460,(anonymous_20)
FNF:21
FNH:0
FNDA:0,QMOIAutoFixDashboard
FNDA:0,(anonymous_1)
FNDA:0,(anonymous_2)
FNDA:0,(anonymous_3)
FNDA:0,(anonymous_4)
FNDA:0,(anonymous_5)
FNDA:0,(anonymous_6)
FNDA:0,(anonymous_7)
FNDA:0,(anonymous_8)
FNDA:0,(anonymous_9)
FNDA:0,(anonymous_10)
FNDA:0,(anonymous_11)
FNDA:0,(anonymous_12)
FNDA:0,(anonymous_13)
FNDA:0,(anonymous_14)
FNDA:0,(anonymous_15)
FNDA:0,(anonymous_16)
FNDA:0,(anonymous_17)
FNDA:0,(anonymous_18)
FNDA:0,(anonymous_19)
FNDA:0,(anonymous_20)
DA:64,0
DA:65,0
DA:66,0
DA:67,0
DA:68,0
DA:69,0
DA:72,0
DA:73,0
DA:74,0
DA:75,0
DA:76,0
DA:77,0
DA:80,0
DA:85,0
DA:86,0
DA:87,0
DA:88,0
DA:91,0
DA:92,0
DA:93,0
DA:94,0
DA:97,0
DA:99,0
DA:104,0
DA:105,0
DA:106,0
DA:107,0
DA:108,0
DA:110,0
DA:115,0
DA:116,0
DA:117,0
DA:121,0
DA:122,0
DA:123,0
DA:127,0
DA:128,0
DA:129,0
DA:130,0
DA:131,0
DA:132,0
DA:135,0
DA:140,0
DA:141,0
DA:142,0
DA:143,0
DA:144,0
DA:145,0
DA:148,0
DA:153,0
DA:154,0
DA:155,0
DA:156,0
DA:157,0
DA:158,0
DA:159,0
DA:160,0
DA:161,0
DA:162,0
DA:163,0
DA:166,0
DA:171,0
DA:172,0
DA:173,0
DA:174,0
DA:176,0
DA:177,0
DA:178,0
DA:179,0
DA:182,0
DA:186,0
DA:187,0
DA:188,0
DA:189,0
DA:192,0
DA:196,0
DA:197,0
DA:200,0
DA:203,0
DA:205,0
DA:207,0
DA:211,0
DA:212,0
DA:215,0
DA:218,0
DA:220,0
DA:222,0
DA:226,0
DA:380,0
DA:435,0
DA:461,0
LF:91
LH:0
BRDA:75,0,0,0
BRDA:75,0,1,0
BRDA:91,1,0,0
BRDA:91,1,1,0
BRDA:117,2,0,0
BRDA:117,2,1,0
BRDA:130,3,0,0
BRDA:130,3,1,0
BRDA:143,4,0,0
BRDA:143,4,1,0
BRDA:156,5,0,0
BRDA:156,5,1,0
BRDA:187,6,0,0
BRDA:187,6,1,0
BRDA:187,7,0,0
BRDA:187,7,1,0
BRDA:197,8,0,0
BRDA:197,8,1,0
BRDA:197,8,2,0
BRDA:197,8,3,0
BRDA:197,8,4,0
BRDA:197,8,5,0
BRDA:212,9,0,0
BRDA:212,9,1,0
BRDA:212,9,2,0
BRDA:212,9,3,0
BRDA:212,9,4,0
BRDA:212,9,5,0
BRDA:239,10,0,0
BRDA:239,10,1,0
BRDA:240,11,0,0
BRDA:240,11,1,0
BRDA:243,12,0,0
BRDA:243,12,1,0
BRDA:257,13,0,0
BRDA:257,13,1,0
BRDA:261,14,0,0
BRDA:261,14,1,0
BRDA:264,15,0,0
BRDA:264,15,1,0
BRDA:272,16,0,0
BRDA:272,16,1,0
BRDA:276,17,0,0
BRDA:276,17,1,0
BRDA:279,18,0,0
BRDA:279,18,1,0
BRDA:306,19,0,0
BRDA:306,19,1,0
BRDA:330,20,0,0
BRDA:330,20,1,0
BRDA:339,21,0,0
BRDA:339,21,1,0
BRDA:381,22,0,0
BRDA:381,22,1,0
BRDA:384,23,0,0
BRDA:384,23,1,0
BRDA:385,24,0,0
BRDA:385,24,1,0
BRDA:389,25,0,0
BRDA:389,25,1,0
BRDA:389,25,2,0
BRDA:399,26,0,0
BRDA:399,26,1,0
BRDA:437,27,0,0
BRDA:437,27,1,0
BRDA:438,28,0,0
BRDA:438,28,1,0
BRDA:439,29,0,0
BRDA:439,29,1,0
BRDA:459,30,0,0
BRDA:459,30,1,0
BRDA:527,31,0,0
BRDA:527,31,1,0
BRF:73
BRH:0
end_of_record
TN:
SF:components\QMOIOwnDevice.tsx
FN:57,(anonymous_0)
FN:73,(anonymous_1)
FN:75,(anonymous_2)
FN:88,(anonymous_3)
FN:99,(anonymous_4)
FN:108,(anonymous_5)
FN:109,(anonymous_6)
FN:121,(anonymous_7)
FN:136,(anonymous_8)
FN:152,(anonymous_9)
FN:163,(anonymous_10)
FN:173,(anonymous_11)
FN:187,(anonymous_12)
FN:222,(anonymous_13)
FN:265,(anonymous_14)
FN:281,(anonymous_15)
FN:344,(anonymous_16)
FN:352,(anonymous_17)
FN:371,(anonymous_18)
FN:382,(anonymous_19)
FN:397,(anonymous_20)
FNF:21
FNH:0
FNDA:0,(anonymous_0)
FNDA:0,(anonymous_1)
FNDA:0,(anonymous_2)
FNDA:0,(anonymous_3)
FNDA:0,(anonymous_4)
FNDA:0,(anonymous_5)
FNDA:0,(anonymous_6)
FNDA:0,(anonymous_7)
FNDA:0,(anonymous_8)
FNDA:0,(anonymous_9)
FNDA:0,(anonymous_10)
FNDA:0,(anonymous_11)
FNDA:0,(anonymous_12)
FNDA:0,(anonymous_13)
FNDA:0,(anonymous_14)
FNDA:0,(anonymous_15)
FNDA:0,(anonymous_16)
FNDA:0,(anonymous_17)
FNDA:0,(anonymous_18)
FNDA:0,(anonymous_19)
FNDA:0,(anonymous_20)
DA:57,0
DA:63,0
DA:64,0
DA:65,0
DA:66,0
DA:67,0
DA:68,0
DA:69,0
DA:70,0
DA:73,0
DA:74,0
DA:75,0
DA:76,0
DA:77,0
DA:78,0
DA:80,0
DA:82,0
DA:86,0
DA:88,0
DA:89,0
DA:92,0
DA:93,0
DA:94,0
DA:99,0
DA:100,0
DA:101,0
DA:102,0
DA:103,0
DA:105,0
DA:107,0
DA:108,0
DA:109,0
DA:111,0
DA:114,0
DA:115,0
DA:117,0
DA:118,0
DA:119,0
DA:120,0
DA:121,0
DA:124,0
DA:127,0
DA:128,0
DA:129,0
DA:130,0
DA:133,0
DA:134,0
DA:136,0
DA:137,0
DA:139,0
DA:140,0
DA:142,0
DA:146,0
DA:148,0
DA:152,0
DA:153,0
DA:154,0
DA:155,0
DA:157,0
DA:159,0
DA:163,0
DA:164,0
DA:165,0
DA:166,0
DA:167,0
DA:168,0
DA:169,0
DA:173,0
DA:174,0
DA:175,0
DA:176,0
DA:177,0
DA:178,0
DA:179,0
DA:180,0
DA:181,0
DA:182,0
DA:183,0
DA:187,0
DA:188,0
DA:189,0
DA:190,0
DA:191,0
DA:192,0
DA:193,0
DA:194,0
DA:195,0
DA:196,0
DA:200,0
DA:222,0
DA:266,0
DA:282,0
DA:344,0
DA:353,0
DA:372,0
DA:383,0
DA:397,0
LF:97
LH:0
BRDA:74,0,0,0
BRDA:74,0,1,0
BRDA:89,1,0,0
BRDA:89,1,1,0
BRDA:92,2,0,0
BRDA:92,2,1,0
BRDA:139,3,0,0
BRDA:139,3,1,0
BRDA:146,4,0,0
BRDA:146,4,1,0
BRDA:164,5,0,0
BRDA:164,5,1,0
BRDA:164,5,2,0
BRDA:164,5,3,0
BRDA:164,5,4,0
BRDA:174,6,0,0
BRDA:174,6,1,0
BRDA:174,6,2,0
BRDA:174,6,3,0
BRDA:174,6,4,0
BRDA:174,6,5,0
BRDA:174,6,6,0
BRDA:174,6,7,0
BRDA:174,6,8,0
BRDA:188,7,0,0
BRDA:188,7,1,0
BRDA:188,7,2,0
BRDA:188,7,3,0
BRDA:188,7,4,0
BRDA:188,7,5,0
BRDA:188,7,6,0
BRDA:188,7,7,0
BRDA:220,8,0,0
BRDA:220,8,1,0
BRDA:224,9,0,0
BRDA:224,9,1,0
BRDA:231,10,0,0
BRDA:231,10,1,0
BRDA:237,11,0,0
BRDA:237,11,1,0
BRDA:252,12,0,0
BRDA:252,12,1,0
BRDA:262,13,0,0
BRDA:262,13,1,0
BRDA:293,14,0,0
BRDA:293,14,1,0
BRDA:300,15,0,0
BRDA:300,15,1,0
BRDA:315,16,0,0
BRDA:315,16,1,0
BRDA:325,17,0,0
BRDA:325,17,1,0
BRDA:337,18,0,0
BRDA:337,18,1,0
BRDA:346,19,0,0
BRDA:346,19,1,0
BRDA:350,20,0,0
BRDA:350,20,1,0
BRDA:355,21,0,0
BRDA:355,21,1,0
BRDA:367,22,0,0
BRDA:367,22,1,0
BRDA:378,23,0,0
BRDA:378,23,1,0
BRF:64
BRH:0
end_of_record
TN:
SF:components\QiSpaces.tsx
FN:12,(anonymous_0)
FNF:1
FNH:0
FNDA:0,(anonymous_0)
DA:3,0
DA:12,0
DA:14,0
DA:15,0
LF:4
LH:0
BRDA:14,0,0,0
BRDA:14,0,1,0
BRDA:14,1,0,0
BRDA:14,1,1,0
BRF:4
BRH:0
end_of_record
TN:
SF:components\QmoiAccessibility.tsx
FN:33,(anonymous_0)
FN:61,(anonymous_1)
FN:66,(anonymous_2)
FN:71,(anonymous_3)
FN:76,(anonymous_4)
FN:81,(anonymous_5)
FN:86,(anonymous_6)
FN:91,(anonymous_7)
FN:96,(anonymous_8)
FN:101,(anonymous_9)
FN:107,(anonymous_10)
FN:114,(anonymous_11)
FN:122,(anonymous_12)
FN:127,(anonymous_13)
FN:134,(anonymous_14)
FN:136,(anonymous_15)
FN:146,(anonymous_16)
FN:153,(anonymous_17)
FN:163,(anonymous_18)
FN:164,(anonymous_19)
FN:176,(anonymous_20)
FN:184,(anonymous_21)
FN:192,(anonymous_22)
FN:203,(anonymous_23)
FN:208,(anonymous_24)
FN:223,(anonymous_25)
FN:224,(anonymous_26)
FN:238,(anonymous_27)
FN:243,(anonymous_28)
FN:248,(anonymous_29)
FN:249,(anonymous_30)
FN:253,(anonymous_31)
FN:254,(anonymous_32)
FN:258,(anonymous_33)
FN:259,(anonymous_34)
FN:263,(anonymous_35)
FN:264,(anonymous_36)
FN:268,(anonymous_37)
FN:269,(anonymous_38)
FN:269,(anonymous_39)
FN:273,(anonymous_40)
FN:278,(anonymous_41)
FN:283,(anonymous_42)
FN:288,(anonymous_43)
FN:321,(anonymous_44)
FN:368,(anonymous_45)
FN:382,(anonymous_46)
FN:432,(anonymous_47)
FN:448,(anonymous_48)
FN:456,(anonymous_49)
FN:514,(anonymous_50)
FN:526,(anonymous_51)
FN:531,(anonymous_52)
FN:559,(anonymous_53)
FN:567,(anonymous_54)
FN:575,(anonymous_55)
FNF:56
FNH:0
FNDA:0,(anonymous_0)
FNDA:0,(anonymous_1)
FNDA:0,(anonymous_2)
FNDA:0,(anonymous_3)
FNDA:0,(anonymous_4)
FNDA:0,(anonymous_5)
FNDA:0,(anonymous_6)
FNDA:0,(anonymous_7)
FNDA:0,(anonymous_8)
FNDA:0,(anonymous_9)
FNDA:0,(anonymous_10)
FNDA:0,(anonymous_11)
FNDA:0,(anonymous_12)
FNDA:0,(anonymous_13)
FNDA:0,(anonymous_14)
FNDA:0,(anonymous_15)
FNDA:0,(anonymous_16)
FNDA:0,(anonymous_17)
FNDA:0,(anonymous_18)
FNDA:0,(anonymous_19)
FNDA:0,(anonymous_20)
FNDA:0,(anonymous_21)
FNDA:0,(anonymous_22)
FNDA:0,(anonymous_23)
FNDA:0,(anonymous_24)
FNDA:0,(anonymous_25)
FNDA:0,(anonymous_26)
FNDA:0,(anonymous_27)
FNDA:0,(anonymous_28)
FNDA:0,(anonymous_29)
FNDA:0,(anonymous_30)
FNDA:0,(anonymous_31)
FNDA:0,(anonymous_32)
FNDA:0,(anonymous_33)
FNDA:0,(anonymous_34)
FNDA:0,(anonymous_35)
FNDA:0,(anonymous_36)
FNDA:0,(anonymous_37)
FNDA:0,(anonymous_38)
FNDA:0,(anonymous_39)
FNDA:0,(anonymous_40)
FNDA:0,(anonymous_41)
FNDA:0,(anonymous_42)
FNDA:0,(anonymous_43)
FNDA:0,(anonymous_44)
FNDA:0,(anonymous_45)
FNDA:0,(anonymous_46)
FNDA:0,(anonymous_47)
FNDA:0,(anonymous_48)
FNDA:0,(anonymous_49)
FNDA:0,(anonymous_50)
FNDA:0,(anonymous_51)
FNDA:0,(anonymous_52)
FNDA:0,(anonymous_53)
FNDA:0,(anonymous_54)
FNDA:0,(anonymous_55)
DA:33,0
DA:34,0
DA:35,0
DA:45,0
DA:46,0
DA:47,0
DA:48,0
DA:49,0
DA:50,0
DA:51,0
[...]
FN:52,(anonymous_3)
FNF:4
FNH:0
FNDA:0,(anonymous_0)
FNDA:0,(anonymous_1)
FNDA:0,(anonymous_2)
FNDA:0,(anonymous_3)
DA:3,0
DA:5,0
DA:18,0
DA:24,0
DA:25,0
DA:26,0
DA:27,0
DA:28,0
DA:30,0
DA:31,0
DA:32,0
DA:34,0
DA:35,0
DA:39,0
DA:40,0
DA:41,0
DA:42,0
DA:43,0
DA:45,0
DA:46,0
DA:47,0
DA:49,0
DA:52,0
LF:23
LH:0
BRDA:20,0,0,0
BRDA:20,0,1,0
BRDA:20,1,0,0
BRDA:20,1,1,0
BRDA:26,2,0,0
BRDA:26,2,1,0
BRDA:30,3,0,0
BRDA:30,3,1,0
BRDA:35,4,0,0
BRDA:35,4,1,0
BRDA:41,5,0,0
BRDA:41,5,1,0
BRDA:45,6,0,0
BRDA:45,6,1,0
BRF:14
BRH:0
end_of_record
TN:
SF:src\services\VPNService.ts
FN:93,(anonymous_0)
FN:101,(anonymous_1)
FN:108,(anonymous_2)
FN:133,(anonymous_3)
FN:145,(anonymous_4)
FN:224,(anonymous_5)
FN:229,(anonymous_6)
FN:276,(anonymous_7)
FN:301,(anonymous_8)
FN:312,(anonymous_9)
FN:318,(anonymous_10)
FN:324,(anonymous_11)
FN:326,(anonymous_12)
FN:331,(anonymous_13)
FN:383,(anonymous_14)
FN:415,(anonymous_15)
FN:422,(anonymous_16)
FN:423,(anonymous_17)
FN:438,(anonymous_18)
FN:442,(anonymous_19)
FN:446,(anonymous_20)
FN:466,(anonymous_21)
FN:468,(anonymous_22)
FN:481,(anonymous_23)
FN:486,(anonymous_24)
FN:509,(anonymous_25)
FN:513,(anonymous_26)
FN:517,(anonymous_27)
FN:521,(anonymous_28)
FN:525,(anonymous_29)
FN:530,(anonymous_30)
FN:534,(anonymous_31)
FN:538,(anonymous_32)
FN:542,(anonymous_33)
FN:559,(anonymous_34)
FN:561,(anonymous_35)
FN:566,(anonymous_36)
FN:573,(anonymous_37)
FN:574,(anonymous_38)
FN:578,(anonymous_39)
FN:582,(anonymous_40)
FN:588,(anonymous_41)
FN:594,(anonymous_42)
FN:600,(anonymous_43)
FN:606,(anonymous_44)
FN:612,(anonymous_45)
FN:618,(anonymous_46)
FN:622,(anonymous_47)
FN:628,(anonymous_48)
FN:632,(anonymous_49)
FN:636,(anonymous_50)
FN:640,(anonymous_51)
FN:647,(anonymous_52)
FN:667,(anonymous_53)
FN:669,(anonymous_54)
FN:673,(anonymous_55)
FNF:56
FNH:0
FNDA:0,(anonymous_0)
FNDA:0,(anonymous_1)
FNDA:0,(anonymous_2)
FNDA:0,(anonymous_3)
FNDA:0,(anonymous_4)
FNDA:0,(anonymous_5)
FNDA:0,(anonymous_6)
FNDA:0,(anonymous_7)
FNDA:0,(anonymous_8)
FNDA:0,(anonymous_9)
FNDA:0,(anonymous_10)
FNDA:0,(anonymous_11)
FNDA:0,(anonymous_12)
FNDA:0,(anonymous_13)
FNDA:0,(anonymous_14)
FNDA:0,(anonymous_15)
FNDA:0,(anonymous_16)
FNDA:0,(anonymous_17)
FNDA:0,(anonymous_18)
FNDA:0,(anonymous_19)
FNDA:0,(anonymous_20)
FNDA:0,(anonymous_21)
FNDA:0,(anonymous_22)
FNDA:0,(anonymous_23)
FNDA:0,(anonymous_24)
FNDA:0,(anonymous_25)
FNDA:0,(anonymous_26)
FNDA:0,(anonymous_27)
FNDA:0,(anonymous_28)
FNDA:0,(anonymous_29)
FNDA:0,(anonymous_30)
FNDA:0,(anonymous_31)
FNDA:0,(anonymous_32)
FNDA:0,(anonymous_33)
FNDA:0,(anonymous_34)
FNDA:0,(anonymous_35)
FNDA:0,(anonymous_36)
FNDA:0,(anonymous_37)
FNDA:0,(anonymous_38)
FNDA:0,(anonymous_39)
FNDA:0,(anonymous_40)
FNDA:0,(anonymous_41)
FNDA:0,(anonymous_42)
FNDA:0,(anonymous_43)
FNDA:0,(anonymous_44)
FNDA:0,(anonymous_45)
FNDA:0,(anonymous_46)
FNDA:0,(anonymous_47)
FNDA:0,(anonymous_48)
FNDA:0,(anonymous_49)
FNDA:0,(anonymous_50)
FNDA:0,(anonymous_51)
FNDA:0,(anonymous_52)
FNDA:0,(anonymous_53)
FNDA:0,(anonymous_54)
FNDA:0,(anonymous_55)
DA:85,0
DA:86,0
DA:88,0
DA:90,0
DA:91,0
DA:94,0
DA:95,0
DA:96,0
DA:97,0
DA:98,0
DA:102,0
DA:103,0
DA:105,0
DA:109,0
DA:134,0
DA:146,0
DA:224,0
DA:225,0
DA:237,0
DA:238,0
DA:239,0
DA:242,0
DA:244,0
DA:247,0
DA:250,0
DA:253,0
DA:256,0
DA:259,0
DA:261,0
DA:262,0
DA:264,0
DA:265,0
DA:267,0
DA:268,0
DA:271,0
DA:272,0
DA:278,0
DA:298,0
DA:302,0
DA:303,0
DA:304,0
DA:306,0
DA:307,0
DA:314,0
DA:315,0
DA:320,0
DA:321,0
DA:326,0
DA:327,0
DA:332,0
DA:333,0
DA:334,0
DA:337,0
DA:338,0
DA:341,0
DA:342,0
DA:343,0
DA:354,0
DA:355,0
DA:356,0
DA:359,0
DA:361,0
DA:362,0
DA:363,0
DA:365,0
DA:368,0
DA:370,0
DA:373,0
DA:374,0
DA:378,0
DA:379,0
DA:384,0
DA:385,0
DA:388,0
DA:389,0
DA:390,0
DA:393,0
DA:395,0
DA:396,0
DA:398,0
DA:401,0
DA:403,0
DA:405,0
DA:408,0
DA:409,0
DA:410,0
DA:411,0
DA:416,0
DA:417,0
DA:419,0
DA:423,0
DA:424,0
DA:425,0
DA:427,0
DA:428,0
DA:429,0
DA:431,0
DA:433,0
DA:443,0
DA:447,0
DA:457,0
DA:458,0
DA:459,0
DA:462,0
DA:463,0
DA:468,0
DA:469,0
DA:470,0
DA:471,0
DA:472,0
DA:474,0
DA:481,0
DA:482,0
DA:487,0
DA:490,0
DA:491,0
DA:495,0
DA:496,0
DA:500,0
DA:501,0
DA:504,0
DA:505,0
DA:510,0
DA:514,0
DA:518,0
DA:522,0
DA:526,0
DA:527,0
DA:531,0
DA:535,0
DA:539,0
DA:549,0
DA:551,0
DA:560,0
DA:561,0
DA:563,0
DA:566,0
DA:567,0
DA:568,0
DA:569,0
DA:574,0
DA:579,0
DA:585,0
DA:591,0
DA:597,0
DA:603,0
DA:609,0
DA:615,0
DA:619,0
DA:625,0
DA:629,0
DA:633,0
DA:637,0
DA:641,0
DA:648,0
DA:649,0
DA:654,0
DA:655,0
DA:656,0
DA:657,0
DA:659,0
DA:668,0
DA:669,0
DA:670,0
DA:672,0
DA:673,0
DA:674,0
DA:675,0
DA:676,0
DA:678,0
DA:683,0
LF:171
LH:0
BRDA:102,0,0,0
BRDA:102,0,1,0
BRDA:269,1,0,0
BRDA:269,1,1,0
BRDA:304,2,0,0
BRDA:304,2,1,0
BRDA:333,3,0,0
BRDA:333,3,1,0
BRDA:337,4,0,0
BRDA:337,4,1,0
BRDA:373,5,0,0
BRDA:373,5,1,0
BRDA:384,6,0,0
BRDA:384,6,1,0
BRDA:408,7,0,0
BRDA:408,7,1,0
BRDA:416,8,0,0
BRDA:416,8,1,0
BRDA:425,9,0,0
BRDA:425,9,1,0
BRDA:425,10,0,0
BRDA:425,10,1,0
BRDA:457,11,0,0
BRDA:457,11,1,0
BRDA:490,12,0,0
BRDA:490,12,1,0
BRDA:495,13,0,0
BRDA:495,13,1,0
BRDA:500,14,0,0
BRDA:500,14,1,0
BRDA:504,15,0,0
BRDA:504,15,1,0
BRDA:563,16,0,0
BRDA:563,16,1,0
BRDA:569,17,0,0
BRDA:569,17,1,0
BRDA:649,18,0,0
BRDA:649,18,1,0
BRDA:650,19,0,0
BRDA:650,19,1,0
BRDA:654,20,0,0
BRDA:654,20,1,0
BRDA:655,21,0,0
BRDA:655,21,1,0
BRDA:670,22,0,0
BRDA:670,22,1,0
BRDA:673,23,0,0
BRDA:673,23,1,0
BRF:48
BRH:0
end_of_record
TN:
SF:src\services\VoiceRecognitionService.ts
FN:71,(anonymous_0)
FN:103,(anonymous_1)
FN:110,(anonymous_2)
FN:219,(anonymous_3)
FN:228,(anonymous_4)
FN:236,(anonymous_5)
FN:237,(anonymous_6)
FN:263,(anonymous_7)
FN:267,(anonymous_8)
FN:271,(anonymous_9)
FN:281,(anonymous_10)
FN:288,(anonymous_11)
FN:290,(anonymous_12)
FN:295,(anonymous_13)
FN:299,(anonymous_14)
FN:304,(anonymous_15)
FN:308,(anonymous_16)
FN:312,(anonymous_17)
FN:328,(anonymous_18)
FN:341,(anonymous_19)
FN:349,(anonymous_20)
FN:355,(anonymous_21)
FN:379,(anonymous_22)
FN:385,(anonymous_23)
FN:389,(anonymous_24)
FN:396,(anonymous_25)
FN:401,(anonymous_26)
FN:404,(anonymous_27)
FN:410,(anonymous_28)
FN:424,(anonymous_29)
FN:430,(anonymous_30)
FN:435,(anonymous_31)
FN:443,(anonymous_32)
FN:451,(anonymous_33)
FN:460,(anonymous_34)
FN:471,(anonymous_35)
FN:482,(anonymous_36)
FN:493,(anonymous_37)
FN:505,(anonymous_38)
FN:517,(anonymous_39)
FN:530,(anonymous_40)
FN:542,(anonymous_41)
FN:552,(anonymous_42)
FN:608,(anonymous_43)
FN:638,(anonymous_44)
FN:649,(anonymous_45)
FN:677,(anonymous_46)
FN:687,(anonymous_47)
FN:697,(anonymous_48)
FN:714,(anonymous_49)
FN:737,(anonymous_50)
FN:746,(anonymous_51)
FN:752,(anonymous_52)
FN:756,(anonymous_53)
FN:760,(anonymous_54)
FN:767,(anonymous_55)
FN:773,(anonymous_56)
FN:784,(anonymous_57)
FN:789,(anonymous_58)
FN:794,(anonymous_59)
FN:802,(anonymous_60)
FN:812,(anonymous_61)
FN:822,(anonymous_62)
FN:834,(anonymous_63)
FN:845,(anonymous_64)
FN:849,(anonymous_65)
FN:855,(anonymous_66)
FN:859,(anonymous_67)
FN:863,(anonymous_68)
FN:867,(anonymous_69)
FN:871,(anonymous_70)
FN:875,(anonymous_71)
FN:887,(anonymous_72)
FNF:73
FNH:0
FNDA:0,(anonymous_0)
FNDA:0,(anonymous_1)
FNDA:0,(anonymous_2)
FNDA:0,(anonymous_3)
FNDA:0,(anonymous_4)
FNDA:0,(anonymous_5)
FNDA:0,(anonymous_6)
FNDA:0,(anonymous_7)
FNDA:0,(anonymous_8)
FNDA:0,(anonymous_9)
FNDA:0,(anonymous_10)
FNDA:0,(anonymous_11)
FNDA:0,(anonymous_12)
FNDA:0,(anonymous_13)
FNDA:0,(anonymous_14)
FNDA:0,(anonymous_15)
FNDA:0,(anonymous_16)
FNDA:0,(anonymous_17)
FNDA:0,(anonymous_18)
FNDA:0,(anonymous_19)
FNDA:0,(anonymous_20)
FNDA:0,(anonymous_21)
FNDA:0,(anonymous_22)
FNDA:0,(anonymous_23)
FNDA:0,(anonymous_24)
FNDA:0,(anonymous_25)
FNDA:0,(anonymous_26)
FNDA:0,(anonymous_27)
FNDA:0,(anonymous_28)
FNDA:0,(anonymous_29)
FNDA:0,(anonymous_30)
FNDA:0,(anonymous_31)
FNDA:0,(anonymous_32)
FNDA:0,(anonymous_33)
FNDA:0,(anonymous_34)
FNDA:0,(anonymous_35)
FNDA:0,(anonymous_36)
FNDA:0,(anonymous_37)
FNDA:0,(anonymous_38)
FNDA:0,(anonymous_39)
FNDA:0,(anonymous_40)
FNDA:0,(anonymous_41)
FNDA:0,(anonymous_42)
FNDA:0,(anonymous_43)
FNDA:0,(anonymous_44)
FNDA:0,(anonymous_45)
FNDA:0,(anonymous_46)
FNDA:0,(anonymous_47)
FNDA:0,(anonymous_48)
FNDA:0,(anonymous_49)
FNDA:0,(anonymous_50)
FNDA:0,(anonymous_51)
FNDA:0,(anonymous_52)
FNDA:0,(anonymous_53)
FNDA:0,(anonymous_54)
FNDA:0,(anonymous_55)
FNDA:0,(anonymous_56)
FNDA:0,(anonymous_57)
FNDA:0,(anonymous_58)
FNDA:0,(anonymous_59)
FNDA:0,(anonymous_60)
FNDA:0,(anonymous_61)
FNDA:0,(anonymous_62)
FNDA:0,(anonymous_63)
FNDA:0,(anonymous_64)
FNDA:0,(anonymous_65)
FNDA:0,(anonymous_66)
FNDA:0,(anonymous_67)
FNDA:0,(anonymous_68)
FNDA:0,(anonymous_69)
FNDA:0,(anonymous_70)
FNDA:0,(anonymous_71)
FNDA:0,(anonymous_72)
DA:61,0
DA:62,0
DA:63,0
DA:64,0
DA:66,0
DA:67,0
DA:68,0
DA:69,0
DA:72,0
DA:73,0
DA:83,0
DA:95,0
DA:96,0
DA:97,0
DA:98,0
DA:99,0
DA:100,0
DA:104,0
DA:105,0
DA:107,0
DA:111,0
DA:221,0
DA:222,0
DA:223,0
DA:224,0
DA:230,0
DA:237,0
DA:238,0
DA:239,0
DA:240,0
DA:243,0
DA:244,0
DA:245,0
DA:247,0
DA:249,0
DA:250,0
DA:251,0
DA:254,0
DA:259,0
DA:264,0
DA:268,0
DA:274,0
DA:278,0
DA:282,0
DA:283,0
DA:284,0
DA:289,0
DA:290,0
DA:292,0
DA:296,0
DA:300,0
DA:301,0
DA:305,0
DA:309,0
DA:313,0
DA:316,0
DA:317,0
DA:318,0
DA:319,0
DA:321,0
DA:324,0
DA:329,0
DA:330,0
DA:331,0
DA:332,0
DA:334,0
DA:337,0
DA:342,0
DA:344,0
DA:345,0
DA:346,0
DA:347,0
DA:349,0
DA:350,0
DA:351,0
DA:352,0
DA:355,0
DA:356,0
DA:357,0
DA:359,0
DA:360,0
DA:361,0
DA:363,0
DA:371,0
DA:373,0
DA:374,0
DA:379,0
DA:380,0
DA:381,0
DA:384,0
DA:385,0
DA:389,0
DA:390,0
DA:391,0
DA:392,0
DA:395,0
DA:396,0
DA:402,0
DA:404,0
DA:405,0
DA:406,0
DA:407,0
DA:410,0
DA:411,0
DA:412,0
DA:413,0
DA:416,0
DA:417,0
DA:418,0
DA:419,0
DA:424,0
DA:425,0
DA:426,0
DA:432,0
DA:435,0
DA:440,0
DA:443,0
DA:448,0
DA:451,0
DA:457,0
DA:461,0
DA:462,0
DA:468,0
DA:472,0
DA:473,0
DA:479,0
DA:483,0
DA:490,0
DA:494,0
DA:502,0
DA:506,0
DA:507,0
DA:508,0
DA:514,0
DA:518,0
DA:519,0
DA:520,0
DA:527,0
DA:531,0
DA:532,0
DA:533,0
DA:539,0
DA:543,0
DA:544,0
DA:545,0
DA:556,0
DA:559,0
DA:560,0
DA:564,0
DA:565,0
DA:566,0
DA:571,0
DA:572,0
DA:574,0
DA:575,0
DA:579,0
DA:580,0
DA:581,0
DA:585,0
DA:586,0
DA:587,0
DA:590,0
DA:591,0
DA:597,0
DA:598,0
DA:604,0
DA:610,0
DA:612,0
DA:616,0
DA:617,0
DA:618,0
DA:622,0
DA:623,0
DA:624,0
DA:625,0
DA:628,0
DA:629,0
DA:630,0
DA:632,0
DA:640,0
DA:641,0
DA:643,0
DA:645,0
DA:646,0
DA:650,0
DA:652,0
DA:653,0
DA:656,0
DA:657,0
DA:660,0
DA:661,0
DA:662,0
DA:663,0
DA:665,0
DA:674,0
DA:678,0
DA:679,0
DA:680,0
DA:682,0
DA:688,0
DA:689,0
DA:690,0
DA:692,0
DA:698,0
DA:699,0
DA:700,0
DA:704,0
DA:707,0
DA:710,0
DA:711,0
DA:714,0
DA:715,0
DA:716,0
DA:717,0
DA:720,0
DA:721,0
DA:722,0
DA:726,0
DA:727,0
DA:728,0
DA:729,0
DA:732,0
DA:734,0
DA:737,0
DA:738,0
DA:742,0
DA:743,0
DA:747,0
DA:748,0
DA:753,0
DA:757,0
DA:761,0
DA:762,0
DA:763,0
DA:769,0
DA:774,0
DA:776,0
DA:777,0
DA:778,0
DA:779,0
DA:780,0
DA:786,0
DA:791,0
DA:799,0
DA:807,0
DA:813,0
DA:814,0
DA:815,0
DA:816,0
DA:817,0
DA:820,0
DA:821,0
DA:822,0
DA:824,0
DA:825,0
DA:830,0
DA:835,0
DA:836,0
DA:841,0
DA:846,0
DA:852,0
DA:856,0
DA:860,0
DA:864,0
DA:868,0
DA:872,0
DA:880,0
DA:888,0
LF:268
LH:0
BRDA:104,0,0,0
BRDA:104,0,1,0
BRDA:222,1,0,0
BRDA:222,1,1,0
BRDA:238,2,0,0
BRDA:238,2,1,0
BRDA:249,3,0,0
BRDA:249,3,1,0
BRDA:282,4,0,0
BRDA:282,4,1,0
BRDA:316,5,0,0
BRDA:316,5,1,0
BRDA:317,6,0,0
BRDA:317,6,1,0
BRDA:331,7,0,0
BRDA:331,7,1,0
BRDA:342,8,0,0
BRDA:342,8,1,0
BRDA:373,9,0,0
BRDA:373,9,1,0
BRDA:384,10,0,0
BRDA:384,10,1,0
BRDA:395,11,0,0
BRDA:395,11,1,0
BRDA:395,12,0,0
BRDA:395,12,1,0
BRDA:402,13,0,0
BRDA:402,13,1,0
BRDA:416,14,0,0
BRDA:416,14,1,0
BRDA:418,15,0,0
BRDA:418,15,1,0
BRDA:559,16,0,0
BRDA:559,16,1,0
BRDA:559,17,0,0
BRDA:559,17,1,0
BRDA:560,18,0,0
BRDA:560,18,1,0
BRDA:561,19,0,0
BRDA:561,19,1,0
BRDA:579,20,0,0
BRDA:579,20,1,0
BRDA:579,21,0,0
BRDA:579,21,1,0
BRDA:585,22,0,0
BRDA:585,22,1,0
BRDA:612,23,0,0
BRDA:612,23,1,0
BRDA:613,24,0,0
BRDA:613,24,1,0
BRDA:618,25,0,0
BRDA:618,25,1,0
BRDA:619,26,0,0
BRDA:619,26,1,0
BRDA:624,27,0,0
BRDA:624,27,1,0
BRDA:628,28,0,0
BRDA:628,28,1,0
BRDA:640,29,0,0
BRDA:640,29,1,0
BRDA:641,30,0,0
BRDA:641,30,1,0
BRDA:643,31,0,0
BRDA:643,31,1,0
BRDA:662,32,0,0
BRDA:662,32,1,0
BRDA:678,33,0,0
BRDA:678,33,1,0
BRDA:678,34,0,0
BRDA:678,34,1,0
BRDA:688,35,0,0
BRDA:688,35,1,0
BRDA:688,36,0,0
BRDA:688,36,1,0
BRDA:697,37,0,0
BRDA:698,38,0,0
BRDA:698,38,1,0
BRDA:710,39,0,0
BRDA:710,39,1,0
BRDA:712,40,0,0
BRDA:712,40,1,0
BRDA:726,41,0,0
BRDA:726,41,1,0
BRDA:727,42,0,0
BRDA:727,42,1,0
BRDA:728,43,0,0
BRDA:728,43,1,0
BRDA:729,44,0,0
BRDA:729,44,1,0
BRDA:732,45,0,0
BRDA:732,45,1,0
BRDA:738,46,0,0
BRDA:738,46,1,0
BRDA:747,47,0,0
BRDA:747,47,1,0
BRDA:762,48,0,0
BRDA:762,48,1,0
BRDA:776,49,0,0
BRDA:776,49,1,0
BRDA:815,50,0,0
BRDA:815,50,1,0
BRDA:820,51,0,0
BRDA:820,51,1,0
BRDA:824,52,0,0
BRDA:824,52,1,0
BRF:105
BRH:0
end_of_record
TN:
SF:src\services\WhatsAppService.ts
FN:55,(anonymous_0)
FN:86,(anonymous_1)
FN:93,(anonymous_2)
FN:117,(anonymous_3)
FN:119,(anonymous_4)
FN:129,(anonymous_5)
FN:141,(anonymous_6)
FN:151,(anonymous_7)
FN:158,(anonymous_8)
FN:163,(anonymous_9)
FN:170,(anonymous_10)
FN:178,(anonymous_11)
FN:190,(anonymous_12)
FN:252,(anonymous_13)
FN:271,(anonymous_14)
FN:300,(anonymous_15)
FN:328,(anonymous_16)
FN:421,(anonymous_17)
FN:456,(anonymous_18)
FN:466,(anonymous_19)
FN:469,(anonymous_20)
FN:483,(anonymous_21)
FN:497,(anonymous_22)
FN:514,(anonymous_23)
FN:534,(anonymous_24)
FN:557,(anonymous_25)
FN:572,(anonymous_26)
FN:602,(anonymous_27)
FN:612,(anonymous_28)
FN:622,(anonymous_29)
FN:637,(anonymous_30)
FN:643,(anonymous_31)
FN:649,(anonymous_32)
FN:663,(anonymous_33)
FN:678,(anonymous_34)
FN:703,(anonymous_35)
FN:705,(anonymous_36)
FN:706,(anonymous_37)
FN:709,(anonymous_38)
FN:713,(anonymous_39)
FN:717,(anonymous_40)
FN:721,(anonymous_41)
FN:722,(anonymous_42)
FN:725,(anonymous_43)
FN:736,(anonymous_44)
FN:740,(anonymous_45)
FN:751,(anonymous_46)
FN:757,(anonymous_47)
FN:769,(anonymous_48)
FN:792,(anonymous_49)
FN:803,(anonymous_50)
FN:826,(anonymous_51)
FNF:52
FNH:0
FNDA:0,(anonymous_0)
FNDA:0,(anonymous_1)
FNDA:0,(anonymous_2)
FNDA:0,(anonymous_3)
FNDA:0,(anonymous_4)
FNDA:0,(anonymous_5)
FNDA:0,(anonymous_6)
FNDA:0,(anonymous_7)
FNDA:0,(anonymous_8)
FNDA:0,(anonymous_9)
FNDA:0,(anonymous_10)
FNDA:0,(anonymous_11)
FNDA:0,(anonymous_12)
FNDA:0,(anonymous_13)
FNDA:0,(anonymous_14)
FNDA:0,(anonymous_15)
FNDA:0,(anonymous_16)
FNDA:0,(anonymous_17)
FNDA:0,(anonymous_18)
FNDA:0,(anonymous_19)
FNDA:0,(anonymous_20)
FNDA:0,(anonymous_21)
FNDA:0,(anonymous_22)
FNDA:0,(anonymous_23)
FNDA:0,(anonymous_24)
FNDA:0,(anonymous_25)
FNDA:0,(anonymous_26)
FNDA:0,(anonymous_27)
FNDA:0,(anonymous_28)
FNDA:0,(anonymous_29)
FNDA:0,(anonymous_30)
FNDA:0,(anonymous_31)
FNDA:0,(anonymous_32)
FNDA:0,(anonymous_33)
FNDA:0,(anonymous_34)
FNDA:0,(anonymous_35)
FNDA:0,(anonymous_36)
FNDA:0,(anonymous_37)
FNDA:0,(anonymous_38)
FNDA:0,(anonymous_39)
FNDA:0,(anonymous_40)
FNDA:0,(anonymous_41)
FNDA:0,(anonymous_42)
FNDA:0,(anonymous_43)
FNDA:0,(anonymous_44)
FNDA:0,(anonymous_45)
FNDA:0,(anonymous_46)
FNDA:0,(anonymous_47)
FNDA:0,(anonymous_48)
FNDA:0,(anonymous_49)
FNDA:0,(anonymous_50)
FNDA:0,(anonymous_51)
DA:45,0
DA:47,0
DA:49,0
DA:53,0
DA:56,0
DA:64,0
DA:81,0
DA:82,0
DA:83,0
DA:87,0
DA:88,0
DA:90,0
DA:94,0
DA:114,0
DA:119,0
DA:120,0
DA:121,0
DA:123,0
DA:124,0
DA:129,0
DA:130,0
DA:131,0
DA:132,0
DA:133,0
DA:135,0
DA:136,0
DA:141,0
DA:142,0
DA:143,0
DA:144,0
DA:151,0
DA:152,0
DA:153,0
DA:154,0
DA:158,0
DA:159,0
DA:163,0
DA:164,0
DA:171,0
DA:174,0
DA:175,0
DA:179,0
DA:182,0
DA:185,0
DA:186,0
DA:187,0
DA:191,0
DA:208,0
DA:223,0
DA:225,0
DA:226,0
DA:227,0
DA:228,0
DA:232,0
DA:233,0
DA:234,0
DA:235,0
DA:239,0
DA:241,0
DA:242,0
DA:244,0
DA:245,0
DA:253,0
DA:266,0
DA:267,0
DA:272,0
DA:273,0
DA:276,0
DA:277,0
DA:278,0
DA:279,0
DA:283,0
DA:284,0
DA:285,0
DA:289,0
DA:290,0
DA:293,0
DA:295,0
DA:296,0
DA:303,0
DA:306,0
DA:307,0
DA:311,0
DA:312,0
DA:316,0
DA:317,0
DA:321,0
DA:322,0
DA:325,0
DA:329,0
DA:330,0
DA:332,0
DA:334,0
DA:335,0
DA:338,0
DA:339,0
DA:340,0
DA:344,0
DA:345,0
DA:346,0
DA:350,0
DA:351,0
DA:352,0
DA:356,0
DA:357,0
DA:360,0
DA:361,0
DA:363,0
DA:367,0
DA:370,0
DA:371,0
DA:372,0
DA:373,0
DA:374,0
DA:375,0
DA:376,0
DA:378,0
DA:381,0
DA:383,0
DA:387,0
DA:388,0
DA:389,0
DA:390,0
DA:391,0
DA:392,0
DA:393,0
DA:395,0
DA:398,0
DA:400,0
DA:404,0
DA:405,0
DA:407,0
DA:411,0
DA:415,0
DA:425,0
DA:427,0
DA:429,0
DA:432,0
DA:436,0
DA:437,0
DA:441,0
DA:442,0
DA:446,0
DA:447,0
DA:448,0
DA:452,0
DA:457,0
DA:458,0
DA:466,0
DA:470,0
DA:472,0
DA:480,0
DA:484,0
DA:486,0
DA:487,0
DA:493,0
DA:498,0
DA:516,0
DA:517,0
DA:535,0
DA:558,0
DA:573,0
DA:603,0
DA:604,0
DA:605,0
DA:607,0
DA:608,0
DA:613,0
DA:614,0
DA:615,0
DA:616,0
DA:618,0
DA:623,0
DA:624,0
DA:625,0
DA:628,0
DA:629,0
DA:630,0
DA:632,0
DA:633,0
DA:638,0
DA:639,0
DA:644,0
DA:645,0
DA:653,0
DA:654,0
DA:655,0
DA:656,0
DA:658,0
DA:667,0
DA:673,0
DA:674,0
DA:679,0
DA:705,0
DA:706,0
DA:710,0
DA:714,0
DA:718,0
DA:722,0
DA:730,0
DA:731,0
DA:733,0
DA:734,0
DA:735,0
DA:736,0
DA:737,0
DA:739,0
DA:741,0
DA:742,0
DA:743,0
DA:752,0
DA:763,0
DA:764,0
DA:772,0
DA:773,0
DA:778,0
DA:785,0
DA:797,0
DA:798,0
DA:806,0
DA:807,0
DA:812,0
DA:819,0
DA:830,0
DA:831,0
DA:833,0
DA:837,0
DA:839,0
DA:841,0
DA:843,0
DA:845,0
DA:847,0
DA:849,0
DA:851,0
DA:854,0
LF:235
LH:0
BRDA:57,0,0,0
BRDA:57,0,1,0
BRDA:58,1,0,0
BRDA:58,1,1,0
BRDA:61,2,0,0
BRDA:61,2,1,0
BRDA:87,3,0,0
BRDA:87,3,1,0
BRDA:123,4,0,0
BRDA:123,4,1,0
BRDA:135,5,0,0
BRDA:135,5,1,0
BRDA:225,6,0,0
BRDA:225,6,1,0
BRDA:232,7,0,0
BRDA:232,7,1,0
BRDA:244,8,0,0
BRDA:244,8,1,0
BRDA:256,9,0,0
BRDA:256,9,1,0
BRDA:257,10,0,0
BRDA:257,10,1,0
BRDA:266,11,0,0
BRDA:266,11,1,0
BRDA:277,12,0,0
BRDA:277,12,1,0
BRDA:283,13,0,0
BRDA:283,13,1,0
BRDA:289,14,0,0
BRDA:289,14,1,0
BRDA:295,15,0,0
BRDA:295,15,1,0
BRDA:306,16,0,0
BRDA:306,16,1,0
BRDA:306,17,0,0
BRDA:306,17,1,0
BRDA:311,18,0,0
BRDA:311,18,1,0
BRDA:311,19,0,0
BRDA:311,19,1,0
BRDA:316,20,0,0
BRDA:316,20,1,0
BRDA:316,21,0,0
BRDA:316,21,1,0
BRDA:321,22,0,0
BRDA:321,22,1,0
BRDA:321,23,0,0
BRDA:321,23,1,0
BRDA:332,24,0,0
BRDA:332,24,1,0
BRDA:332,24,2,0
BRDA:332,24,3,0
BRDA:332,24,4,0
BRDA:332,24,5,0
BRDA:332,24,6,0
BRDA:332,24,7,0
BRDA:332,24,8,0
BRDA:332,24,9,0
BRDA:360,25,0,0
BRDA:360,25,1,0
BRDA:370,26,0,0
BRDA:370,26,1,0
BRDA:373,27,0,0
BRDA:373,27,1,0
BRDA:387,28,0,0
BRDA:387,28,1,0
BRDA:390,29,0,0
BRDA:390,29,1,0
BRDA:404,30,0,0
BRDA:404,30,1,0
BRDA:427,31,0,0
BRDA:427,31,1,0
BRDA:427,31,2,0
BRDA:427,31,3,0
BRDA:427,31,4,0
BRDA:470,32,0,0
BRDA:470,32,1,0
BRDA:624,33,0,0
BRDA:624,33,1,0
BRDA:628,34,0,0
BRDA:628,34,1,0
BRDA:638,35,0,0
BRDA:638,35,1,0
BRDA:644,36,0,0
BRDA:644,36,1,0
BRDA:673,37,0,0
BRDA:673,37,1,0
BRDA:730,38,0,0
BRDA:730,38,1,0
BRDA:730,39,0,0
BRDA:730,39,1,0
BRDA:741,40,0,0
BRDA:741,40,1,0
BRDA:772,41,0,0
BRDA:772,41,1,0
BRDA:806,42,0,0
BRDA:806,42,1,0
BRDA:831,43,0,0
BRDA:831,43,1,0
BRDA:831,43,2,0
BRDA:831,43,3,0
BRDA:831,43,4,0
BRF:102
BRH:0
end_of_record
TN:
SF:src\types\trading.ts
FNF:0
FNH:0
LF:0
LH:0
BRF:0
BRH:0
end_of_record
TN:
SF:src\utils\taskbar.ts
FN:25,(anonymous_0)
FN:30,(anonymous_1)
FN:37,(anonymous_2)
FN:53,(anonymous_3)
FN:55,(anonymous_4)
FN:61,(anonymous_5)
FN:65,(anonymous_6)
FN:73,(anonymous_7)
FN:80,(anonymous_8)
FN:91,(anonymous_9)
FN:97,(anonymous_10)
FN:104,(anonymous_11)
FN:113,(anonymous_12)
FN:122,createTaskbarManager
FNF:14
FNH:0
FNDA:0,(anonymous_0)
FNDA:0,(anonymous_1)
FNDA:0,(anonymous_2)
FNDA:0,(anonymous_3)
FNDA:0,(anonymous_4)
FNDA:0,(anonymous_5)
FNDA:0,(anonymous_6)
FNDA:0,(anonymous_7)
FNDA:0,(anonymous_8)
FNDA:0,(anonymous_9)
FNDA:0,(anonymous_10)
FNDA:0,(anonymous_11)
FNDA:0,(anonymous_12)
FNDA:0,createTaskbarManager
DA:26,0
DA:27,0
DA:31,0
DA:32,0
DA:34,0
DA:38,0
DA:40,0
DA:41,0
DA:44,0
DA:47,0
DA:48,0
DA:55,0
DA:57,0
DA:63,0
DA:67,0
DA:71,0
DA:75,0
DA:81,0
DA:83,0
DA:92,0
DA:93,0
DA:98,0
DA:99,0
DA:100,0
DA:105,0
DA:106,0
DA:107,0
DA:109,0
DA:114,0
DA:115,0
DA:116,0
DA:123,0
LF:32
LH:0
BRDA:31,0,0,0
BRDA:31,0,1,0
BRDA:38,1,0,0
BRDA:38,1,1,0
BRDA:47,2,0,0
BRDA:47,2,1,0
BRDA:81,3,0,0
BRDA:81,3,1,0
BRDA:92,4,0,0
BRDA:92,4,1,0
BRDA:98,5,0,0
BRDA:98,5,1,0
BRDA:106,6,0,0
BRDA:106,6,1,0
BRDA:115,7,0,0
BRDA:115,7,1,0
BRF:16
BRH:0
end_of_record
